{"total": {"lines":{"total":448,"covered":351,"skipped":0,"pct":78.34},"statements":{"total":466,"covered":363,"skipped":0,"pct":77.89},"functions":{"total":154,"covered":120,"skipped":0,"pct":77.92},"branches":{"total":289,"covered":209,"skipped":0,"pct":72.31},"branchesTrue":{"total":0,"covered":0,"skipped":0,"pct":100}}
,"/Users/nencybatada/Documents/Projects/Antigravity/PromptVirtualWar/ElectionProcessEducation/src/App.tsx": {"lines":{"total":28,"covered":26,"skipped":0,"pct":92.85},"functions":{"total":4,"covered":4,"skipped":0,"pct":100},"statements":{"total":28,"covered":26,"skipped":0,"pct":92.85},"branches":{"total":15,"covered":11,"skipped":0,"pct":73.33}}
,"/Users/nencybatada/Documents/Projects/Antigravity/PromptVirtualWar/ElectionProcessEducation/src/context.tsx": {"lines":{"total":79,"covered":76,"skipped":0,"pct":96.2},"functions":{"total":21,"covered":21,"skipped":0,"pct":100},"statements":{"total":81,"covered":78,"skipped":0,"pct":96.29},"branches":{"total":27,"covered":25,"skipped":0,"pct":92.59}}
,"/Users/nencybatada/Documents/Projects/Antigravity/PromptVirtualWar/ElectionProcessEducation/src/data.ts": {"lines":{"total":7,"covered":7,"skipped":0,"pct":100},"functions":{"total":0,"covered":0,"skipped":0,"pct":100},"statements":{"total":7,"covered":7,"skipped":0,"pct":100},"branches":{"total":0,"covered":0,"skipped":0,"pct":100}}
,"/Users/nencybatada/Documents/Projects/Antigravity/PromptVirtualWar/ElectionProcessEducation/src/firebase.ts": {"lines":{"total":21,"covered":0,"skipped":0,"pct":0},"functions":{"total":4,"covered":0,"skipped":0,"pct":0},"statements":{"total":22,"covered":0,"skipped":0,"pct":0},"branches":{"total":10,"covered":0,"skipped":0,"pct":0}}
,"/Users/nencybatada/Documents/Projects/Antigravity/PromptVirtualWar/ElectionProcessEducation/src/types.ts": {"lines":{"total":0,"covered":0,"skipped":0,"pct":0},"functions":{"total":0,"covered":0,"skipped":0,"pct":0},"statements":{"total":0,"covered":0,"skipped":0,"pct":0},"branches":{"total":0,"covered":0,"skipped":0,"pct":0}}
,"/Users/nencybatada/Documents/Projects/Antigravity/PromptVirtualWar/ElectionProcessEducation/src/components/Chat.tsx": {"lines":{"total":83,"covered":58,"skipped":0,"pct":69.87},"functions":{"total":18,"covered":16,"skipped":0,"pct":88.88},"statements":{"total":85,"covered":58,"skipped":0,"pct":68.23},"branches":{"total":76,"covered":48,"skipped":0,"pct":63.15}}
,"/Users/nencybatada/Documents/Projects/Antigravity/PromptVirtualWar/ElectionProcessEducation/src/components/Dashboard.tsx": {"lines":{"total":38,"covered":33,"skipped":0,"pct":86.84},"functions":{"total":18,"covered":15,"skipped":0,"pct":83.33},"statements":{"total":40,"covered":35,"skipped":0,"pct":87.5},"branches":{"total":20,"covered":14,"skipped":0,"pct":70}}
,"/Users/nencybatada/Documents/Projects/Antigravity/PromptVirtualWar/ElectionProcessEducation/src/components/Deadlines.tsx": {"lines":{"total":21,"covered":20,"skipped":0,"pct":95.23},"functions":{"total":7,"covered":7,"skipped":0,"pct":100},"statements":{"total":24,"covered":20,"skipped":0,"pct":83.33},"branches":{"total":15,"covered":10,"skipped":0,"pct":66.66}}
,"/Users/nencybatada/Documents/Projects/Antigravity/PromptVirtualWar/ElectionProcessEducation/src/components/Eligibility.tsx": {"lines":{"total":13,"covered":13,"skipped":0,"pct":100},"functions":{"total":7,"covered":7,"skipped":0,"pct":100},"statements":{"total":15,"covered":15,"skipped":0,"pct":100},"branches":{"total":22,"covered":22,"skipped":0,"pct":100}}
,"/Users/nencybatada/Documents/Projects/Antigravity/PromptVirtualWar/ElectionProcessEducation/src/components/ErrorBoundary.tsx": {"lines":{"total":16,"covered":12,"skipped":0,"pct":75},"functions":{"total":6,"covered":5,"skipped":0,"pct":83.33},"statements":{"total":16,"covered":12,"skipped":0,"pct":75},"branches":{"total":6,"covered":6,"skipped":0,"pct":100}}
,"/Users/nencybatada/Documents/Projects/Antigravity/PromptVirtualWar/ElectionProcessEducation/src/components/Header.tsx": {"lines":{"total":11,"covered":9,"skipped":0,"pct":81.81},"functions":{"total":6,"covered":4,"skipped":0,"pct":66.66},"statements":{"total":12,"covered":10,"skipped":0,"pct":83.33},"branches":{"total":14,"covered":14,"skipped":0,"pct":100}}
,"/Users/nencybatada/Documents/Projects/Antigravity/PromptVirtualWar/ElectionProcessEducation/src/components/Landing.tsx": {"lines":{"total":8,"covered":6,"skipped":0,"pct":75},"functions":{"total":4,"covered":3,"skipped":0,"pct":75},"statements":{"total":8,"covered":6,"skipped":0,"pct":75},"branches":{"total":2,"covered":1,"skipped":0,"pct":50}}
,"/Users/nencybatada/Documents/Projects/Antigravity/PromptVirtualWar/ElectionProcessEducation/src/components/LiveAnnouncer.tsx": {"lines":{"total":19,"covered":16,"skipped":0,"pct":84.21},"functions":{"total":4,"covered":4,"skipped":0,"pct":100},"statements":{"total":19,"covered":16,"skipped":0,"pct":84.21},"branches":{"total":9,"covered":6,"skipped":0,"pct":66.66}}
,"/Users/nencybatada/Documents/Projects/Antigravity/PromptVirtualWar/ElectionProcessEducation/src/components/MythsFacts.tsx": {"lines":{"total":19,"covered":19,"skipped":0,"pct":100},"functions":{"total":9,"covered":9,"skipped":0,"pct":100},"statements":{"total":21,"covered":21,"skipped":0,"pct":100},"branches":{"total":12,"covered":11,"skipped":0,"pct":91.66}}
,"/Users/nencybatada/Documents/Projects/Antigravity/PromptVirtualWar/ElectionProcessEducation/src/components/Onboarding.tsx": {"lines":{"total":42,"covered":38,"skipped":0,"pct":90.47},"functions":{"total":16,"covered":15,"skipped":0,"pct":93.75},"statements":{"total":42,"covered":38,"skipped":0,"pct":90.47},"branches":{"total":22,"covered":17,"skipped":0,"pct":77.27}}
,"/Users/nencybatada/Documents/Projects/Antigravity/PromptVirtualWar/ElectionProcessEducation/src/components/StepGuide.tsx": {"lines":{"total":24,"covered":18,"skipped":0,"pct":75},"functions":{"total":13,"covered":10,"skipped":0,"pct":76.92},"statements":{"total":27,"covered":21,"skipped":0,"pct":77.77},"branches":{"total":33,"covered":24,"skipped":0,"pct":72.72}}
,"/Users/nencybatada/Documents/Projects/Antigravity/PromptVirtualWar/ElectionProcessEducation/src/services/analytics.ts": {"lines":{"total":19,"covered":0,"skipped":0,"pct":0},"functions":{"total":17,"covered":0,"skipped":0,"pct":0},"statements":{"total":19,"covered":0,"skipped":0,"pct":0},"branches":{"total":6,"covered":0,"skipped":0,"pct":0}}
}
