{"/Users/nencybatada/Documents/Projects/Antigravity/PromptVirtualWar/ElectionProcessEducation/src/App.tsx": {"path":"/Users/nencybatada/Documents/Projects/Antigravity/PromptVirtualWar/ElectionProcessEducation/src/App.tsx","statementMap":{"0":{"start":{"line":24,"column":44},"end":{"line":33,"column":null}},"1":{"start":{"line":36,"column":10},"end":{"line":36,"column":28}},"2":{"start":{"line":37,"column":26},"end":{"line":37,"column":null}},"3":{"start":{"line":38,"column":10},"end":{"line":38,"column":37}},"4":{"start":{"line":39,"column":8},"end":{"line":39,"column":46}},"5":{"start":{"line":40,"column":8},"end":{"line":40,"column":53}},"6":{"start":{"line":43,"column":2},"end":{"line":61,"column":null}},"7":{"start":{"line":44,"column":18},"end":{"line":44,"column":null}},"8":{"start":{"line":45,"column":4},"end":{"line":45,"column":null}},"9":{"start":{"line":48,"column":4},"end":{"line":48,"column":null}},"10":{"start":{"line":51,"column":4},"end":{"line":56,"column":null}},"11":{"start":{"line":52,"column":6},"end":{"line":52,"column":null}},"12":{"start":{"line":55,"column":6},"end":{"line":56,"column":null}},"13":{"start":{"line":56,"column":8},"end":{"line":56,"column":null}},"14":{"start":{"line":60,"column":4},"end":{"line":60,"column":null}},"15":{"start":{"line":63,"column":8},"end":{"line":82,"column":null}},"16":{"start":{"line":64,"column":4},"end":{"line":82,"column":null}},"17":{"start":{"line":66,"column":8},"end":{"line":66,"column":null}},"18":{"start":{"line":68,"column":8},"end":{"line":68,"column":null}},"19":{"start":{"line":70,"column":8},"end":{"line":70,"column":null}},"20":{"start":{"line":72,"column":8},"end":{"line":72,"column":null}},"21":{"start":{"line":74,"column":8},"end":{"line":74,"column":null}},"22":{"start":{"line":76,"column":8},"end":{"line":76,"column":null}},"23":{"start":{"line":78,"column":8},"end":{"line":78,"column":null}},"24":{"start":{"line":80,"column":8},"end":{"line":80,"column":null}},"25":{"start":{"line":82,"column":8},"end":{"line":82,"column":null}},"26":{"start":{"line":86,"column":2},"end":{"line":101,"column":null}},"27":{"start":{"line":107,"column":2},"end":{"line":114,"column":null}}},"fnMap":{"0":{"name":"AppContent","decl":{"start":{"line":35,"column":9},"end":{"line":35,"column":22}},"loc":{"start":{"line":35,"column":22},"end":{"line":101,"column":null}},"line":35},"1":{"name":"(anonymous_1)","decl":{"start":{"line":43,"column":2},"end":{"line":43,"column":18}},"loc":{"start":{"line":43,"column":18},"end":{"line":61,"column":6}},"line":43},"2":{"name":"(anonymous_2)","decl":{"start":{"line":63,"column":8},"end":{"line":63,"column":27}},"loc":{"start":{"line":63,"column":27},"end":{"line":82,"column":null}},"line":63},"3":{"name":"App","decl":{"start":{"line":106,"column":24},"end":{"line":106,"column":30}},"loc":{"start":{"line":106,"column":30},"end":{"line":114,"column":null}},"line":106}},"branchMap":{"0":{"loc":{"start":{"line":44,"column":18},"end":{"line":44,"column":null}},"type":"binary-expr","locations":[{"start":{"line":44,"column":18},"end":{"line":44,"column":46}},{"start":{"line":44,"column":46},"end":{"line":44,"column":null}}],"line":44},"1":{"loc":{"start":{"line":51,"column":4},"end":{"line":56,"column":null}},"type":"if","locations":[{"start":{"line":51,"column":4},"end":{"line":56,"column":null}},{"start":{},"end":{}}],"line":51},"2":{"loc":{"start":{"line":55,"column":6},"end":{"line":56,"column":null}},"type":"if","locations":[{"start":{"line":55,"column":6},"end":{"line":56,"column":null}},{"start":{},"end":{}}],"line":55},"3":{"loc":{"start":{"line":64,"column":4},"end":{"line":82,"column":null}},"type":"switch","locations":[{"start":{"line":65,"column":6},"end":{"line":66,"column":null}},{"start":{"line":67,"column":6},"end":{"line":68,"column":null}},{"start":{"line":69,"column":6},"end":{"line":70,"column":null}},{"start":{"line":71,"column":6},"end":{"line":72,"column":null}},{"start":{"line":73,"column":6},"end":{"line":74,"column":null}},{"start":{"line":75,"column":6},"end":{"line":76,"column":null}},{"start":{"line":77,"column":6},"end":{"line":78,"column":null}},{"start":{"line":79,"column":6},"end":{"line":80,"column":null}},{"start":{"line":81,"column":6},"end":{"line":82,"column":null}}],"line":64}},"s":{"0":2,"1":30,"2":30,"3":30,"4":30,"5":30,"6":30,"7":25,"8":25,"9":25,"10":25,"11":8,"12":8,"13":8,"14":25,"15":30,"16":30,"17":14,"18":6,"19":6,"20":1,"21":1,"22":1,"23":1,"24":0,"25":0,"26":30,"27":17},"f":{"0":30,"1":25,"2":30,"3":17},"b":{"0":[25,0],"1":[8,17],"2":[8,0],"3":[14,6,6,1,1,1,1,0,0]},"meta":{"lastBranch":4,"lastFunction":4,"lastStatement":28,"seen":{"s:24:44:33:Infinity":0,"f:35:9:35:22":0,"s:36:10:36:28":1,"s:37:26:37:Infinity":2,"s:38:10:38:37":3,"s:39:8:39:46":4,"s:40:8:40:53":5,"s:43:2:61:Infinity":6,"f:43:2:43:18":1,"s:44:18:44:Infinity":7,"b:44:18:44:46:44:46:44:Infinity":0,"s:45:4:45:Infinity":8,"s:48:4:48:Infinity":9,"b:51:4:56:Infinity:undefined:undefined:undefined:undefined":1,"s:51:4:56:Infinity":10,"s:52:6:52:Infinity":11,"b:55:6:56:Infinity:undefined:undefined:undefined:undefined":2,"s:55:6:56:Infinity":12,"s:56:8:56:Infinity":13,"s:60:4:60:Infinity":14,"s:63:8:82:Infinity":15,"f:63:8:63:27":2,"b:65:6:66:Infinity:67:6:68:Infinity:69:6:70:Infinity:71:6:72:Infinity:73:6:74:Infinity:75:6:76:Infinity:77:6:78:Infinity:79:6:80:Infinity:81:6:82:Infinity":3,"s:64:4:82:Infinity":16,"s:66:8:66:Infinity":17,"s:68:8:68:Infinity":18,"s:70:8:70:Infinity":19,"s:72:8:72:Infinity":20,"s:74:8:74:Infinity":21,"s:76:8:76:Infinity":22,"s:78:8:78:Infinity":23,"s:80:8:80:Infinity":24,"s:82:8:82:Infinity":25,"s:86:2:101:Infinity":26,"f:106:24:106:30":3,"s:107:2:114:Infinity":27}}}
,"/Users/nencybatada/Documents/Projects/Antigravity/PromptVirtualWar/ElectionProcessEducation/src/context.tsx": {"path":"/Users/nencybatada/Documents/Projects/Antigravity/PromptVirtualWar/ElectionProcessEducation/src/context.tsx","statementMap":{"0":{"start":{"line":19,"column":20},"end":{"line":19,"column":null}},"1":{"start":{"line":22,"column":36},"end":{"line":30,"column":null}},"2":{"start":{"line":58,"column":2},"end":{"line":58,"column":null}},"3":{"start":{"line":62,"column":2},"end":{"line":72,"column":null}},"4":{"start":{"line":63,"column":19},"end":{"line":63,"column":52}},"5":{"start":{"line":64,"column":4},"end":{"line":68,"column":null}},"6":{"start":{"line":65,"column":21},"end":{"line":65,"column":39}},"7":{"start":{"line":67,"column":6},"end":{"line":68,"column":null}},"8":{"start":{"line":68,"column":8},"end":{"line":68,"column":null}},"9":{"start":{"line":72,"column":4},"end":{"line":72,"column":null}},"10":{"start":{"line":74,"column":2},"end":{"line":74,"column":null}},"11":{"start":{"line":78,"column":2},"end":{"line":81,"column":null}},"12":{"start":{"line":79,"column":4},"end":{"line":79,"column":null}},"13":{"start":{"line":81,"column":4},"end":{"line":81,"column":null}},"14":{"start":{"line":87,"column":2},"end":{"line":148,"column":null}},"15":{"start":{"line":89,"column":6},"end":{"line":89,"column":null}},"16":{"start":{"line":92,"column":6},"end":{"line":92,"column":null}},"17":{"start":{"line":95,"column":6},"end":{"line":95,"column":null}},"18":{"start":{"line":98,"column":6},"end":{"line":98,"column":null}},"19":{"start":{"line":101,"column":6},"end":{"line":101,"column":null}},"20":{"start":{"line":104,"column":6},"end":{"line":104,"column":null}},"21":{"start":{"line":104,"column":61},"end":{"line":104,"column":null}},"22":{"start":{"line":105,"column":6},"end":{"line":111,"column":null}},"23":{"start":{"line":114,"column":6},"end":{"line":120,"column":null}},"24":{"start":{"line":118,"column":65},"end":{"line":118,"column":null}},"25":{"start":{"line":123,"column":6},"end":{"line":132,"column":null}},"26":{"start":{"line":135,"column":6},"end":{"line":135,"column":null}},"27":{"start":{"line":138,"column":6},"end":{"line":138,"column":null}},"28":{"start":{"line":141,"column":6},"end":{"line":141,"column":null}},"29":{"start":{"line":142,"column":6},"end":{"line":142,"column":null}},"30":{"start":{"line":145,"column":6},"end":{"line":145,"column":null}},"31":{"start":{"line":148,"column":6},"end":{"line":148,"column":null}},"32":{"start":{"line":170,"column":6},"end":{"line":170,"column":61}},"33":{"start":{"line":174,"column":20},"end":{"line":174,"column":41}},"34":{"start":{"line":175,"column":31},"end":{"line":175,"column":null}},"35":{"start":{"line":177,"column":16},"end":{"line":181,"column":4}},"36":{"start":{"line":184,"column":2},"end":{"line":186,"column":null}},"37":{"start":{"line":185,"column":4},"end":{"line":185,"column":null}},"38":{"start":{"line":188,"column":8},"end":{"line":193,"column":25}},"39":{"start":{"line":189,"column":17},"end":{"line":189,"column":null}},"40":{"start":{"line":190,"column":4},"end":{"line":190,"column":null}},"41":{"start":{"line":191,"column":4},"end":{"line":191,"column":null}},"42":{"start":{"line":192,"column":4},"end":{"line":192,"column":null}},"43":{"start":{"line":195,"column":8},"end":{"line":197,"column":8}},"44":{"start":{"line":196,"column":4},"end":{"line":196,"column":null}},"45":{"start":{"line":199,"column":8},"end":{"line":201,"column":8}},"46":{"start":{"line":200,"column":4},"end":{"line":200,"column":null}},"47":{"start":{"line":203,"column":8},"end":{"line":205,"column":8}},"48":{"start":{"line":204,"column":4},"end":{"line":204,"column":null}},"49":{"start":{"line":207,"column":8},"end":{"line":209,"column":8}},"50":{"start":{"line":208,"column":4},"end":{"line":208,"column":null}},"51":{"start":{"line":211,"column":8},"end":{"line":215,"column":8}},"52":{"start":{"line":212,"column":4},"end":{"line":212,"column":null}},"53":{"start":{"line":213,"column":4},"end":{"line":213,"column":null}},"54":{"start":{"line":214,"column":4},"end":{"line":214,"column":null}},"55":{"start":{"line":217,"column":8},"end":{"line":220,"column":8}},"56":{"start":{"line":218,"column":4},"end":{"line":218,"column":null}},"57":{"start":{"line":219,"column":4},"end":{"line":219,"column":null}},"58":{"start":{"line":222,"column":8},"end":{"line":225,"column":8}},"59":{"start":{"line":223,"column":4},"end":{"line":223,"column":null}},"60":{"start":{"line":224,"column":4},"end":{"line":224,"column":null}},"61":{"start":{"line":227,"column":8},"end":{"line":238,"column":72}},"62":{"start":{"line":228,"column":4},"end":{"line":228,"column":null}},"63":{"start":{"line":229,"column":4},"end":{"line":229,"column":null}},"64":{"start":{"line":230,"column":4},"end":{"line":237,"column":null}},"65":{"start":{"line":240,"column":8},"end":{"line":242,"column":8}},"66":{"start":{"line":241,"column":4},"end":{"line":241,"column":null}},"67":{"start":{"line":244,"column":8},"end":{"line":247,"column":8}},"68":{"start":{"line":245,"column":4},"end":{"line":245,"column":null}},"69":{"start":{"line":246,"column":4},"end":{"line":246,"column":null}},"70":{"start":{"line":249,"column":8},"end":{"line":253,"column":33}},"71":{"start":{"line":250,"column":23},"end":{"line":250,"column":null}},"72":{"start":{"line":251,"column":22},"end":{"line":251,"column":null}},"73":{"start":{"line":252,"column":4},"end":{"line":252,"column":null}},"74":{"start":{"line":255,"column":8},"end":{"line":284,"column":4}},"75":{"start":{"line":255,"column":47},"end":{"line":270,"column":6}},"76":{"start":{"line":286,"column":2},"end":{"line":286,"column":null}},"77":{"start":{"line":291,"column":8},"end":{"line":291,"column":40}},"78":{"start":{"line":292,"column":2},"end":{"line":293,"column":null}},"79":{"start":{"line":293,"column":4},"end":{"line":293,"column":null}},"80":{"start":{"line":295,"column":2},"end":{"line":295,"column":null}}},"fnMap":{"0":{"name":"sanitizeString","decl":{"start":{"line":57,"column":9},"end":{"line":57,"column":24}},"loc":{"start":{"line":57,"column":47},"end":{"line":58,"column":null}},"line":57},"1":{"name":"loadUserFromStorage","decl":{"start":{"line":61,"column":9},"end":{"line":61,"column":44}},"loc":{"start":{"line":61,"column":44},"end":{"line":74,"column":null}},"line":61},"2":{"name":"saveUserToStorage","decl":{"start":{"line":77,"column":9},"end":{"line":77,"column":27}},"loc":{"start":{"line":77,"column":52},"end":{"line":81,"column":null}},"line":77},"3":{"name":"appReducer","decl":{"start":{"line":86,"column":9},"end":{"line":86,"column":20}},"loc":{"start":{"line":86,"column":66},"end":{"line":148,"column":null}},"line":86},"4":{"name":"(anonymous_4)","decl":{"start":{"line":118,"column":52},"end":{"line":118,"column":59}},"loc":{"start":{"line":118,"column":65},"end":{"line":118,"column":null}},"line":118},"5":{"name":"AppProvider","decl":{"start":{"line":173,"column":16},"end":{"line":173,"column":28}},"loc":{"start":{"line":173,"column":67},"end":{"line":286,"column":null}},"line":173},"6":{"name":"(anonymous_6)","decl":{"start":{"line":184,"column":2},"end":{"line":184,"column":18}},"loc":{"start":{"line":184,"column":18},"end":{"line":186,"column":6}},"line":184},"7":{"name":"(anonymous_7)","decl":{"start":{"line":188,"column":19},"end":{"line":188,"column":32}},"loc":{"start":{"line":188,"column":50},"end":{"line":193,"column":6}},"line":188},"8":{"name":"(anonymous_8)","decl":{"start":{"line":195,"column":18},"end":{"line":195,"column":31}},"loc":{"start":{"line":195,"column":48},"end":{"line":197,"column":7}},"line":195},"9":{"name":"(anonymous_9)","decl":{"start":{"line":199,"column":19},"end":{"line":199,"column":32}},"loc":{"start":{"line":199,"column":54},"end":{"line":201,"column":7}},"line":199},"10":{"name":"(anonymous_10)","decl":{"start":{"line":203,"column":25},"end":{"line":203,"column":38}},"loc":{"start":{"line":203,"column":62},"end":{"line":205,"column":7}},"line":203},"11":{"name":"(anonymous_11)","decl":{"start":{"line":207,"column":18},"end":{"line":207,"column":31}},"loc":{"start":{"line":207,"column":50},"end":{"line":209,"column":7}},"line":207},"12":{"name":"(anonymous_12)","decl":{"start":{"line":211,"column":23},"end":{"line":211,"column":36}},"loc":{"start":{"line":211,"column":55},"end":{"line":215,"column":7}},"line":211},"13":{"name":"(anonymous_13)","decl":{"start":{"line":217,"column":25},"end":{"line":217,"column":38}},"loc":{"start":{"line":217,"column":57},"end":{"line":220,"column":7}},"line":217},"14":{"name":"(anonymous_14)","decl":{"start":{"line":222,"column":25},"end":{"line":222,"column":38}},"loc":{"start":{"line":222,"column":75},"end":{"line":225,"column":7}},"line":222},"15":{"name":"(anonymous_15)","decl":{"start":{"line":227,"column":29},"end":{"line":227,"column":47}},"loc":{"start":{"line":227,"column":47},"end":{"line":238,"column":6}},"line":227},"16":{"name":"(anonymous_16)","decl":{"start":{"line":240,"column":25},"end":{"line":240,"column":38}},"loc":{"start":{"line":240,"column":63},"end":{"line":242,"column":7}},"line":240},"17":{"name":"(anonymous_17)","decl":{"start":{"line":244,"column":20},"end":{"line":244,"column":38}},"loc":{"start":{"line":244,"column":38},"end":{"line":247,"column":7}},"line":244},"18":{"name":"(anonymous_18)","decl":{"start":{"line":249,"column":22},"end":{"line":249,"column":40}},"loc":{"start":{"line":249,"column":40},"end":{"line":253,"column":6}},"line":249},"19":{"name":"(anonymous_19)","decl":{"start":{"line":255,"column":32},"end":{"line":255,"column":47}},"loc":{"start":{"line":255,"column":47},"end":{"line":270,"column":6}},"line":255},"20":{"name":"useApp","decl":{"start":{"line":290,"column":16},"end":{"line":290,"column":41}},"loc":{"start":{"line":290,"column":41},"end":{"line":295,"column":null}},"line":290}},"branchMap":{"0":{"loc":{"start":{"line":64,"column":4},"end":{"line":68,"column":null}},"type":"if","locations":[{"start":{"line":64,"column":4},"end":{"line":68,"column":null}},{"start":{},"end":{}}],"line":64},"1":{"loc":{"start":{"line":67,"column":6},"end":{"line":68,"column":null}},"type":"if","locations":[{"start":{"line":67,"column":6},"end":{"line":68,"column":null}},{"start":{},"end":{}}],"line":67},"2":{"loc":{"start":{"line":67,"column":10},"end":{"line":67,"column":57}},"type":"binary-expr","locations":[{"start":{"line":67,"column":10},"end":{"line":67,"column":40}},{"start":{"line":67,"column":40},"end":{"line":67,"column":57}}],"line":67},"3":{"loc":{"start":{"line":87,"column":2},"end":{"line":148,"column":null}},"type":"switch","locations":[{"start":{"line":88,"column":4},"end":{"line":89,"column":null}},{"start":{"line":91,"column":4},"end":{"line":92,"column":null}},{"start":{"line":94,"column":4},"end":{"line":95,"column":null}},{"start":{"line":97,"column":4},"end":{"line":98,"column":null}},{"start":{"line":100,"column":4},"end":{"line":101,"column":null}},{"start":{"line":103,"column":4},"end":{"line":111,"column":null}},{"start":{"line":113,"column":4},"end":{"line":120,"column":null}},{"start":{"line":122,"column":4},"end":{"line":132,"column":null}},{"start":{"line":134,"column":4},"end":{"line":135,"column":null}},{"start":{"line":137,"column":4},"end":{"line":138,"column":null}},{"start":{"line":140,"column":4},"end":{"line":142,"column":null}},{"start":{"line":144,"column":4},"end":{"line":145,"column":null}},{"start":{"line":147,"column":4},"end":{"line":148,"column":null}}],"line":87},"4":{"loc":{"start":{"line":104,"column":6},"end":{"line":104,"column":null}},"type":"if","locations":[{"start":{"line":104,"column":6},"end":{"line":104,"column":null}},{"start":{},"end":{}}],"line":104},"5":{"loc":{"start":{"line":175,"column":31},"end":{"line":175,"column":null}},"type":"cond-expr","locations":[{"start":{"line":175,"column":62},"end":{"line":175,"column":76}},{"start":{"line":175,"column":76},"end":{"line":175,"column":null}}],"line":175},"6":{"loc":{"start":{"line":235,"column":14},"end":{"line":235,"column":null}},"type":"binary-expr","locations":[{"start":{"line":235,"column":14},"end":{"line":235,"column":40}},{"start":{"line":235,"column":40},"end":{"line":235,"column":null}}],"line":235},"7":{"loc":{"start":{"line":292,"column":2},"end":{"line":293,"column":null}},"type":"if","locations":[{"start":{"line":292,"column":2},"end":{"line":293,"column":null}},{"start":{},"end":{}}],"line":292}},"s":{"0":12,"1":12,"2":9,"3":187,"4":187,"5":187,"6":107,"7":107,"8":106,"9":1,"10":81,"11":170,"12":170,"13":0,"14":54,"15":8,"16":9,"17":3,"18":5,"19":2,"20":4,"21":1,"22":3,"23":1,"24":1,"25":8,"26":2,"27":10,"28":2,"29":2,"30":0,"31":0,"32":12,"33":187,"34":187,"35":187,"36":187,"37":170,"38":187,"39":8,"40":8,"41":8,"42":8,"43":187,"44":9,"45":187,"46":3,"47":187,"48":5,"49":187,"50":2,"51":187,"52":4,"53":4,"54":4,"55":187,"56":1,"57":1,"58":187,"59":8,"60":8,"61":187,"62":2,"63":2,"64":2,"65":187,"66":33,"67":187,"68":2,"69":2,"70":187,"71":76,"72":76,"73":76,"74":187,"75":186,"76":187,"77":301,"78":301,"79":2,"80":298},"f":{"0":9,"1":187,"2":170,"3":54,"4":1,"5":187,"6":170,"7":8,"8":9,"9":3,"10":5,"11":2,"12":4,"13":1,"14":8,"15":2,"16":33,"17":2,"18":76,"19":186,"20":301},"b":{"0":[107,80],"1":[106,1],"2":[107,106],"3":[8,9,3,5,2,4,1,8,2,10,2,0,0],"4":[1,3],"5":[37,150],"6":[2,2],"7":[2,299]},"meta":{"lastBranch":8,"lastFunction":21,"lastStatement":81,"seen":{"s:19:20:19:Infinity":0,"s:22:36:30:Infinity":1,"f:57:9:57:24":0,"s:58:2:58:Infinity":2,"f:61:9:61:44":1,"s:62:2:72:Infinity":3,"s:63:19:63:52":4,"b:64:4:68:Infinity:undefined:undefined:undefined:undefined":0,"s:64:4:68:Infinity":5,"s:65:21:65:39":6,"b:67:6:68:Infinity:undefined:undefined:undefined:undefined":1,"s:67:6:68:Infinity":7,"b:67:10:67:40:67:40:67:57":2,"s:68:8:68:Infinity":8,"s:72:4:72:Infinity":9,"s:74:2:74:Infinity":10,"f:77:9:77:27":2,"s:78:2:81:Infinity":11,"s:79:4:79:Infinity":12,"s:81:4:81:Infinity":13,"f:86:9:86:20":3,"b:88:4:89:Infinity:91:4:92:Infinity:94:4:95:Infinity:97:4:98:Infinity:100:4:101:Infinity:103:4:111:Infinity:113:4:120:Infinity:122:4:132:Infinity:134:4:135:Infinity:137:4:138:Infinity:140:4:142:Infinity:144:4:145:Infinity:147:4:148:Infinity":3,"s:87:2:148:Infinity":14,"s:89:6:89:Infinity":15,"s:92:6:92:Infinity":16,"s:95:6:95:Infinity":17,"s:98:6:98:Infinity":18,"s:101:6:101:Infinity":19,"b:104:6:104:Infinity:undefined:undefined:undefined:undefined":4,"s:104:6:104:Infinity":20,"s:104:61:104:Infinity":21,"s:105:6:111:Infinity":22,"s:114:6:120:Infinity":23,"f:118:52:118:59":4,"s:118:65:118:Infinity":24,"s:123:6:132:Infinity":25,"s:135:6:135:Infinity":26,"s:138:6:138:Infinity":27,"s:141:6:141:Infinity":28,"s:142:6:142:Infinity":29,"s:145:6:145:Infinity":30,"s:148:6:148:Infinity":31,"s:170:6:170:61":32,"f:173:16:173:28":5,"s:174:20:174:41":33,"s:175:31:175:Infinity":34,"b:175:62:175:76:175:76:175:Infinity":5,"s:177:16:181:4":35,"s:184:2:186:Infinity":36,"f:184:2:184:18":6,"s:185:4:185:Infinity":37,"s:188:8:193:25":38,"f:188:19:188:32":7,"s:189:17:189:Infinity":39,"s:190:4:190:Infinity":40,"s:191:4:191:Infinity":41,"s:192:4:192:Infinity":42,"s:195:8:197:8":43,"f:195:18:195:31":8,"s:196:4:196:Infinity":44,"s:199:8:201:8":45,"f:199:19:199:32":9,"s:200:4:200:Infinity":46,"s:203:8:205:8":47,"f:203:25:203:38":10,"s:204:4:204:Infinity":48,"s:207:8:209:8":49,"f:207:18:207:31":11,"s:208:4:208:Infinity":50,"s:211:8:215:8":51,"f:211:23:211:36":12,"s:212:4:212:Infinity":52,"s:213:4:213:Infinity":53,"s:214:4:214:Infinity":54,"s:217:8:220:8":55,"f:217:25:217:38":13,"s:218:4:218:Infinity":56,"s:219:4:219:Infinity":57,"s:222:8:225:8":58,"f:222:25:222:38":14,"s:223:4:223:Infinity":59,"s:224:4:224:Infinity":60,"s:227:8:238:72":61,"f:227:29:227:47":15,"s:228:4:228:Infinity":62,"s:229:4:229:Infinity":63,"s:230:4:237:Infinity":64,"b:235:14:235:40:235:40:235:Infinity":6,"s:240:8:242:8":65,"f:240:25:240:38":16,"s:241:4:241:Infinity":66,"s:244:8:247:8":67,"f:244:20:244:38":17,"s:245:4:245:Infinity":68,"s:246:4:246:Infinity":69,"s:249:8:253:33":70,"f:249:22:249:40":18,"s:250:23:250:Infinity":71,"s:251:22:251:Infinity":72,"s:252:4:252:Infinity":73,"s:255:8:284:4":74,"f:255:32:255:47":19,"s:255:47:270:6":75,"s:286:2:286:Infinity":76,"f:290:16:290:41":20,"s:291:8:291:40":77,"b:292:2:293:Infinity:undefined:undefined:undefined:undefined":7,"s:292:2:293:Infinity":78,"s:293:4:293:Infinity":79,"s:295:2:295:Infinity":80}}}
,"/Users/nencybatada/Documents/Projects/Antigravity/PromptVirtualWar/ElectionProcessEducation/src/data.ts": {"path":"/Users/nencybatada/Documents/Projects/Antigravity/PromptVirtualWar/ElectionProcessEducation/src/data.ts","statementMap":{"0":{"start":{"line":8,"column":42},"end":{"line":27,"column":null}},"1":{"start":{"line":29,"column":46},"end":{"line":144,"column":null}},"2":{"start":{"line":146,"column":37},"end":{"line":189,"column":null}},"3":{"start":{"line":191,"column":43},"end":{"line":262,"column":null}},"4":{"start":{"line":264,"column":52},"end":{"line":295,"column":null}},"5":{"start":{"line":297,"column":28},"end":{"line":340,"column":null}},"6":{"start":{"line":342,"column":56},"end":{"line":412,"column":null}}},"fnMap":{},"branchMap":{},"s":{"0":10,"1":10,"2":10,"3":10,"4":10,"5":10,"6":10},"f":{},"b":{},"meta":{"lastBranch":0,"lastFunction":0,"lastStatement":7,"seen":{"s:8:42:27:Infinity":0,"s:29:46:144:Infinity":1,"s:146:37:189:Infinity":2,"s:191:43:262:Infinity":3,"s:264:52:295:Infinity":4,"s:297:28:340:Infinity":5,"s:342:56:412:Infinity":6}}}
,"/Users/nencybatada/Documents/Projects/Antigravity/PromptVirtualWar/ElectionProcessEducation/src/firebase.ts": {"path":"/Users/nencybatada/Documents/Projects/Antigravity/PromptVirtualWar/ElectionProcessEducation/src/firebase.ts","statementMap":{"0":{"start":{"line":13,"column":23},"end":{"line":21,"column":null}},"1":{"start":{"line":24,"column":13},"end":{"line":24,"column":48}},"2":{"start":{"line":25,"column":13},"end":{"line":25,"column":46}},"3":{"start":{"line":26,"column":13},"end":{"line":26,"column":38}},"4":{"start":{"line":29,"column":43},"end":{"line":29,"column":null}},"5":{"start":{"line":30,"column":48},"end":{"line":30,"column":null}},"6":{"start":{"line":34,"column":28},"end":{"line":34,"column":null}},"7":{"start":{"line":35,"column":29},"end":{"line":35,"column":null}},"8":{"start":{"line":48,"column":2},"end":{"line":58,"column":null}},"9":{"start":{"line":49,"column":19},"end":{"line":54,"column":6}},"10":{"start":{"line":55,"column":4},"end":{"line":55,"column":null}},"11":{"start":{"line":57,"column":4},"end":{"line":57,"column":null}},"12":{"start":{"line":58,"column":4},"end":{"line":58,"column":null}},"13":{"start":{"line":70,"column":2},"end":{"line":77,"column":null}},"14":{"start":{"line":71,"column":4},"end":{"line":76,"column":null}},"15":{"start":{"line":87,"column":2},"end":{"line":97,"column":null}},"16":{"start":{"line":88,"column":10},"end":{"line":91,"column":null}},"17":{"start":{"line":93,"column":21},"end":{"line":93,"column":37}},"18":{"start":{"line":94,"column":4},"end":{"line":94,"column":null}},"19":{"start":{"line":94,"column":37},"end":{"line":94,"column":68}},"20":{"start":{"line":96,"column":4},"end":{"line":96,"column":null}},"21":{"start":{"line":97,"column":4},"end":{"line":97,"column":null}}},"fnMap":{"0":{"name":"submitFeedback","decl":{"start":{"line":41,"column":22},"end":{"line":41,"column":37}},"loc":{"start":{"line":47,"column":27},"end":{"line":58,"column":null}},"line":47},"1":{"name":"logUsageEvent","decl":{"start":{"line":66,"column":22},"end":{"line":66,"column":36}},"loc":{"start":{"line":69,"column":18},"end":{"line":77,"column":null}},"line":69},"2":{"name":"getRecentFeedback","decl":{"start":{"line":86,"column":22},"end":{"line":86,"column":83}},"loc":{"start":{"line":86,"column":83},"end":{"line":97,"column":null}},"line":86},"3":{"name":"(anonymous_3)","decl":{"start":{"line":94,"column":25},"end":{"line":94,"column":29}},"loc":{"start":{"line":94,"column":37},"end":{"line":94,"column":68}},"line":94}},"branchMap":{"0":{"loc":{"start":{"line":16,"column":10},"end":{"line":16,"column":null}},"type":"binary-expr","locations":[{"start":{"line":16,"column":10},"end":{"line":16,"column":51}},{"start":{"line":16,"column":51},"end":{"line":16,"column":null}}],"line":16},"1":{"loc":{"start":{"line":29,"column":43},"end":{"line":29,"column":null}},"type":"cond-expr","locations":[{"start":{"line":29,"column":61},"end":{"line":29,"column":92}},{"start":{"line":29,"column":95},"end":{"line":29,"column":null}}],"line":29},"2":{"loc":{"start":{"line":30,"column":48},"end":{"line":30,"column":null}},"type":"cond-expr","locations":[{"start":{"line":30,"column":66},"end":{"line":30,"column":99}},{"start":{"line":30,"column":102},"end":{"line":30,"column":null}}],"line":30},"3":{"loc":{"start":{"line":73,"column":16},"end":{"line":73,"column":36}},"type":"binary-expr","locations":[{"start":{"line":73,"column":16},"end":{"line":73,"column":34}},{"start":{"line":73,"column":34},"end":{"line":73,"column":36}}],"line":73},"4":{"loc":{"start":{"line":75,"column":17},"end":{"line":75,"column":null}},"type":"cond-expr","locations":[{"start":{"line":75,"column":52},"end":{"line":75,"column":85}},{"start":{"line":75,"column":88},"end":{"line":75,"column":null}}],"line":75}},"s":{"0":0,"1":0,"2":0,"3":0,"4":0,"5":0,"6":0,"7":0,"8":0,"9":0,"10":0,"11":0,"12":0,"13":0,"14":0,"15":0,"16":0,"17":0,"18":0,"19":0,"20":0,"21":0},"f":{"0":0,"1":0,"2":0,"3":0},"b":{"0":[0,0],"1":[0,0],"2":[0,0],"3":[0,0],"4":[0,0]},"meta":{"lastBranch":5,"lastFunction":4,"lastStatement":22,"seen":{"s:13:23:21:Infinity":0,"b:16:10:16:51:16:51:16:Infinity":0,"s:24:13:24:48":1,"s:25:13:25:46":2,"s:26:13:26:38":3,"s:29:43:29:Infinity":4,"b:29:61:29:92:29:95:29:Infinity":1,"s:30:48:30:Infinity":5,"b:30:66:30:99:30:102:30:Infinity":2,"s:34:28:34:Infinity":6,"s:35:29:35:Infinity":7,"f:41:22:41:37":0,"s:48:2:58:Infinity":8,"s:49:19:54:6":9,"s:55:4:55:Infinity":10,"s:57:4:57:Infinity":11,"s:58:4:58:Infinity":12,"f:66:22:66:36":1,"s:70:2:77:Infinity":13,"s:71:4:76:Infinity":14,"b:73:16:73:34:73:34:73:36":3,"b:75:52:75:85:75:88:75:Infinity":4,"f:86:22:86:83":2,"s:87:2:97:Infinity":15,"s:88:10:91:Infinity":16,"s:93:21:93:37":17,"s:94:4:94:Infinity":18,"f:94:25:94:29":3,"s:94:37:94:68":19,"s:96:4:96:Infinity":20,"s:97:4:97:Infinity":21}}}
,"/Users/nencybatada/Documents/Projects/Antigravity/PromptVirtualWar/ElectionProcessEducation/src/types.ts": {"path":"/Users/nencybatada/Documents/Projects/Antigravity/PromptVirtualWar/ElectionProcessEducation/src/types.ts","statementMap":{},"fnMap":{},"branchMap":{},"s":{},"f":{},"b":{},"meta":{"lastBranch":0,"lastFunction":0,"lastStatement":0,"seen":{}}}
,"/Users/nencybatada/Documents/Projects/Antigravity/PromptVirtualWar/ElectionProcessEducation/src/components/Chat.tsx": {"path":"/Users/nencybatada/Documents/Projects/Antigravity/PromptVirtualWar/ElectionProcessEducation/src/components/Chat.tsx","statementMap":{"0":{"start":{"line":13,"column":24},"end":{"line":20,"column":null}},"1":{"start":{"line":23,"column":2},"end":{"line":23,"column":null}},"2":{"start":{"line":27,"column":17},"end":{"line":27,"column":44}},"3":{"start":{"line":28,"column":33},"end":{"line":28,"column":null}},"4":{"start":{"line":29,"column":21},"end":{"line":29,"column":50}},"5":{"start":{"line":30,"column":19},"end":{"line":30,"column":49}},"6":{"start":{"line":31,"column":8},"end":{"line":31,"column":53}},"7":{"start":{"line":32,"column":8},"end":{"line":32,"column":49}},"8":{"start":{"line":34,"column":8},"end":{"line":36,"column":8}},"9":{"start":{"line":35,"column":4},"end":{"line":35,"column":null}},"10":{"start":{"line":38,"column":2},"end":{"line":40,"column":null}},"11":{"start":{"line":39,"column":4},"end":{"line":39,"column":null}},"12":{"start":{"line":42,"column":8},"end":{"line":42,"column":34}},"13":{"start":{"line":45,"column":2},"end":{"line":61,"column":null}},"14":{"start":{"line":46,"column":4},"end":{"line":58,"column":null}},"15":{"start":{"line":47,"column":6},"end":{"line":47,"column":null}},"16":{"start":{"line":48,"column":24},"end":{"line":48,"column":null}},"17":{"start":{"line":49,"column":6},"end":{"line":58,"column":null}},"18":{"start":{"line":50,"column":8},"end":{"line":57,"column":null}},"19":{"start":{"line":51,"column":10},"end":{"line":56,"column":null}},"20":{"start":{"line":63,"column":8},"end":{"line":157,"column":24}},"21":{"start":{"line":64,"column":16},"end":{"line":64,"column":37}},"22":{"start":{"line":65,"column":19},"end":{"line":65,"column":null}},"23":{"start":{"line":68,"column":4},"end":{"line":76,"column":null}},"24":{"start":{"line":69,"column":6},"end":{"line":70,"column":null}},"25":{"start":{"line":70,"column":8},"end":{"line":70,"column":null}},"26":{"start":{"line":72,"column":6},"end":{"line":76,"column":null}},"27":{"start":{"line":79,"column":4},"end":{"line":83,"column":null}},"28":{"start":{"line":80,"column":6},"end":{"line":83,"column":null}},"29":{"start":{"line":86,"column":4},"end":{"line":94,"column":null}},"30":{"start":{"line":87,"column":6},"end":{"line":94,"column":null}},"31":{"start":{"line":97,"column":4},"end":{"line":105,"column":null}},"32":{"start":{"line":98,"column":6},"end":{"line":105,"column":null}},"33":{"start":{"line":108,"column":4},"end":{"line":116,"column":null}},"34":{"start":{"line":109,"column":6},"end":{"line":116,"column":null}},"35":{"start":{"line":119,"column":4},"end":{"line":128,"column":null}},"36":{"start":{"line":120,"column":6},"end":{"line":128,"column":null}},"37":{"start":{"line":131,"column":4},"end":{"line":143,"column":null}},"38":{"start":{"line":132,"column":18},"end":{"line":132,"column":null}},"39":{"start":{"line":133,"column":6},"end":{"line":133,"column":null}},"40":{"start":{"line":133,"column":31},"end":{"line":133,"column":null}},"41":{"start":{"line":134,"column":6},"end":{"line":143,"column":null}},"42":{"start":{"line":147,"column":4},"end":{"line":156,"column":null}},"43":{"start":{"line":159,"column":8},"end":{"line":256,"column":83}},"44":{"start":{"line":160,"column":4},"end":{"line":160,"column":null}},"45":{"start":{"line":160,"column":25},"end":{"line":160,"column":null}},"46":{"start":{"line":163,"column":4},"end":{"line":168,"column":null}},"47":{"start":{"line":170,"column":4},"end":{"line":170,"column":null}},"48":{"start":{"line":171,"column":4},"end":{"line":171,"column":null}},"49":{"start":{"line":173,"column":4},"end":{"line":248,"column":null}},"50":{"start":{"line":174,"column":6},"end":{"line":175,"column":null}},"51":{"start":{"line":175,"column":8},"end":{"line":175,"column":null}},"52":{"start":{"line":178,"column":17},"end":{"line":178,"column":81}},"53":{"start":{"line":179,"column":21},"end":{"line":191,"column":null}},"54":{"start":{"line":193,"column":23},"end":{"line":209,"column":8}},"55":{"start":{"line":211,"column":19},"end":{"line":211,"column":null}},"56":{"start":{"line":212,"column":6},"end":{"line":219,"column":null}},"57":{"start":{"line":213,"column":8},"end":{"line":215,"column":null}},"58":{"start":{"line":214,"column":25},"end":{"line":214,"column":50}},"59":{"start":{"line":215,"column":10},"end":{"line":215,"column":null}},"60":{"start":{"line":218,"column":8},"end":{"line":218,"column":null}},"61":{"start":{"line":219,"column":8},"end":{"line":219,"column":null}},"62":{"start":{"line":222,"column":6},"end":{"line":227,"column":null}},"63":{"start":{"line":228,"column":6},"end":{"line":228,"column":null}},"64":{"start":{"line":231,"column":6},"end":{"line":231,"column":null}},"65":{"start":{"line":233,"column":24},"end":{"line":233,"column":46}},"66":{"start":{"line":236,"column":6},"end":{"line":248,"column":null}},"67":{"start":{"line":237,"column":8},"end":{"line":247,"column":null}},"68":{"start":{"line":238,"column":10},"end":{"line":243,"column":null}},"69":{"start":{"line":244,"column":10},"end":{"line":245,"column":null}},"70":{"start":{"line":245,"column":12},"end":{"line":245,"column":null}},"71":{"start":{"line":252,"column":4},"end":{"line":255,"column":null}},"72":{"start":{"line":253,"column":6},"end":{"line":253,"column":null}},"73":{"start":{"line":254,"column":6},"end":{"line":254,"column":null}},"74":{"start":{"line":258,"column":8},"end":{"line":260,"column":null}},"75":{"start":{"line":259,"column":4},"end":{"line":259,"column":null}},"76":{"start":{"line":260,"column":4},"end":{"line":260,"column":null}},"77":{"start":{"line":263,"column":8},"end":{"line":265,"column":null}},"78":{"start":{"line":264,"column":4},"end":{"line":264,"column":null}},"79":{"start":{"line":265,"column":4},"end":{"line":265,"column":null}},"80":{"start":{"line":268,"column":2},"end":{"line":369,"column":null}},"81":{"start":{"line":293,"column":12},"end":{"line":311,"column":null}},"82":{"start":{"line":331,"column":12},"end":{"line":338,"column":null}},"83":{"start":{"line":334,"column":29},"end":{"line":334,"column":64}},"84":{"start":{"line":349,"column":27},"end":{"line":349,"column":56}}},"fnMap":{"0":{"name":"generateId","decl":{"start":{"line":22,"column":9},"end":{"line":22,"column":30}},"loc":{"start":{"line":22,"column":30},"end":{"line":23,"column":null}},"line":22},"1":{"name":"Chat","decl":{"start":{"line":26,"column":24},"end":{"line":26,"column":31}},"loc":{"start":{"line":26,"column":31},"end":{"line":369,"column":null}},"line":26},"2":{"name":"(anonymous_2)","decl":{"start":{"line":34,"column":25},"end":{"line":34,"column":43}},"loc":{"start":{"line":34,"column":43},"end":{"line":36,"column":7}},"line":34},"3":{"name":"(anonymous_3)","decl":{"start":{"line":38,"column":2},"end":{"line":38,"column":18}},"loc":{"start":{"line":38,"column":18},"end":{"line":40,"column":6}},"line":38},"4":{"name":"(anonymous_4)","decl":{"start":{"line":45,"column":2},"end":{"line":45,"column":18}},"loc":{"start":{"line":45,"column":18},"end":{"line":61,"column":7}},"line":45},"5":{"name":"(anonymous_5)","decl":{"start":{"line":49,"column":16},"end":{"line":49,"column":25}},"loc":{"start":{"line":49,"column":36},"end":{"line":58,"column":null}},"line":49},"6":{"name":"(anonymous_6)","decl":{"start":{"line":50,"column":8},"end":{"line":50,"column":25}},"loc":{"start":{"line":50,"column":25},"end":{"line":57,"column":15}},"line":50},"7":{"name":"(anonymous_7)","decl":{"start":{"line":63,"column":24},"end":{"line":63,"column":37}},"loc":{"start":{"line":63,"column":67},"end":{"line":157,"column":6}},"line":63},"8":{"name":"(anonymous_8)","decl":{"start":{"line":159,"column":34},"end":{"line":159,"column":41}},"loc":{"start":{"line":159,"column":61},"end":{"line":256,"column":6}},"line":159},"9":{"name":"(anonymous_9)","decl":{"start":{"line":236,"column":16},"end":{"line":236,"column":25}},"loc":{"start":{"line":236,"column":41},"end":{"line":248,"column":null}},"line":236},"10":{"name":"(anonymous_10)","decl":{"start":{"line":237,"column":8},"end":{"line":237,"column":25}},"loc":{"start":{"line":237,"column":25},"end":{"line":247,"column":16}},"line":237},"11":{"name":"(anonymous_11)","decl":{"start":{"line":252,"column":4},"end":{"line":252,"column":21}},"loc":{"start":{"line":252,"column":21},"end":{"line":255,"column":11}},"line":252},"12":{"name":"(anonymous_12)","decl":{"start":{"line":258,"column":8},"end":{"line":258,"column":24}},"loc":{"start":{"line":258,"column":47},"end":{"line":260,"column":null}},"line":258},"13":{"name":"(anonymous_13)","decl":{"start":{"line":263,"column":8},"end":{"line":263,"column":31}},"loc":{"start":{"line":263,"column":62},"end":{"line":265,"column":null}},"line":263},"14":{"name":"(anonymous_14)","decl":{"start":{"line":292,"column":24},"end":{"line":292,"column":29}},"loc":{"start":{"line":293,"column":12},"end":{"line":311,"column":null}},"line":293},"15":{"name":"(anonymous_15)","decl":{"start":{"line":330,"column":27},"end":{"line":330,"column":31}},"loc":{"start":{"line":331,"column":12},"end":{"line":338,"column":null}},"line":331},"16":{"name":"(anonymous_16)","decl":{"start":{"line":334,"column":14},"end":{"line":334,"column":29}},"loc":{"start":{"line":334,"column":29},"end":{"line":334,"column":64}},"line":334},"17":{"name":"(anonymous_17)","decl":{"start":{"line":349,"column":12},"end":{"line":349,"column":22}},"loc":{"start":{"line":349,"column":27},"end":{"line":349,"column":56}},"line":349}},"branchMap":{"0":{"loc":{"start":{"line":46,"column":4},"end":{"line":58,"column":null}},"type":"if","locations":[{"start":{"line":46,"column":4},"end":{"line":58,"column":null}},{"start":{},"end":{}}],"line":46},"1":{"loc":{"start":{"line":46,"column":8},"end":{"line":46,"column":58}},"type":"binary-expr","locations":[{"start":{"line":46,"column":8},"end":{"line":46,"column":37}},{"start":{"line":46,"column":37},"end":{"line":46,"column":58}}],"line":46},"2":{"loc":{"start":{"line":68,"column":4},"end":{"line":76,"column":null}},"type":"if","locations":[{"start":{"line":68,"column":4},"end":{"line":76,"column":null}},{"start":{},"end":{}}],"line":68},"3":{"loc":{"start":{"line":68,"column":8},"end":{"line":68,"column":64}},"type":"binary-expr","locations":[{"start":{"line":68,"column":8},"end":{"line":68,"column":32}},{"start":{"line":68,"column":36},"end":{"line":68,"column":64}}],"line":68},"4":{"loc":{"start":{"line":69,"column":6},"end":{"line":70,"column":null}},"type":"if","locations":[{"start":{"line":69,"column":6},"end":{"line":70,"column":null}},{"start":{},"end":{}}],"line":69},"5":{"loc":{"start":{"line":70,"column":15},"end":{"line":70,"column":62}},"type":"binary-expr","locations":[{"start":{"line":70,"column":15},"end":{"line":70,"column":60}},{"start":{"line":70,"column":60},"end":{"line":70,"column":62}}],"line":70},"6":{"loc":{"start":{"line":79,"column":4},"end":{"line":83,"column":null}},"type":"if","locations":[{"start":{"line":79,"column":4},"end":{"line":83,"column":null}},{"start":{},"end":{}}],"line":79},"7":{"loc":{"start":{"line":79,"column":8},"end":{"line":79,"column":109}},"type":"binary-expr","locations":[{"start":{"line":79,"column":8},"end":{"line":79,"column":29}},{"start":{"line":79,"column":33},"end":{"line":79,"column":56}},{"start":{"line":79,"column":60},"end":{"line":79,"column":81}},{"start":{"line":79,"column":85},"end":{"line":79,"column":109}}],"line":79},"8":{"loc":{"start":{"line":80,"column":13},"end":{"line":82,"column":null}},"type":"binary-expr","locations":[{"start":{"line":80,"column":13},"end":{"line":80,"column":56}},{"start":{"line":80,"column":56},"end":{"line":82,"column":null}}],"line":80},"9":{"loc":{"start":{"line":86,"column":4},"end":{"line":94,"column":null}},"type":"if","locations":[{"start":{"line":86,"column":4},"end":{"line":94,"column":null}},{"start":{},"end":{}}],"line":86},"10":{"loc":{"start":{"line":86,"column":8},"end":{"line":86,"column":88}},"type":"binary-expr","locations":[{"start":{"line":86,"column":8},"end":{"line":86,"column":26}},{"start":{"line":86,"column":30},"end":{"line":86,"column":60}},{"start":{"line":86,"column":64},"end":{"line":86,"column":88}}],"line":86},"11":{"loc":{"start":{"line":97,"column":4},"end":{"line":105,"column":null}},"type":"if","locations":[{"start":{"line":97,"column":4},"end":{"line":105,"column":null}},{"start":{},"end":{}}],"line":97},"12":{"loc":{"start":{"line":97,"column":8},"end":{"line":97,"column":82}},"type":"binary-expr","locations":[{"start":{"line":97,"column":8},"end":{"line":97,"column":28}},{"start":{"line":97,"column":32},"end":{"line":97,"column":56}},{"start":{"line":97,"column":60},"end":{"line":97,"column":82}}],"line":97},"13":{"loc":{"start":{"line":108,"column":4},"end":{"line":116,"column":null}},"type":"if","locations":[{"start":{"line":108,"column":4},"end":{"line":116,"column":null}},{"start":{},"end":{}}],"line":108},"14":{"loc":{"start":{"line":108,"column":8},"end":{"line":108,"column":84}},"type":"binary-expr","locations":[{"start":{"line":108,"column":8},"end":{"line":108,"column":36}},{"start":{"line":108,"column":40},"end":{"line":108,"column":60}},{"start":{"line":108,"column":64},"end":{"line":108,"column":84}}],"line":108},"15":{"loc":{"start":{"line":119,"column":4},"end":{"line":128,"column":null}},"type":"if","locations":[{"start":{"line":119,"column":4},"end":{"line":128,"column":null}},{"start":{},"end":{}}],"line":119},"16":{"loc":{"start":{"line":119,"column":8},"end":{"line":119,"column":86}},"type":"binary-expr","locations":[{"start":{"line":119,"column":8},"end":{"line":119,"column":30}},{"start":{"line":119,"column":34},"end":{"line":119,"column":59}},{"start":{"line":119,"column":63},"end":{"line":119,"column":86}}],"line":119},"17":{"loc":{"start":{"line":131,"column":4},"end":{"line":143,"column":null}},"type":"if","locations":[{"start":{"line":131,"column":4},"end":{"line":143,"column":null}},{"start":{},"end":{}}],"line":131},"18":{"loc":{"start":{"line":131,"column":8},"end":{"line":131,"column":103}},"type":"binary-expr","locations":[{"start":{"line":131,"column":8},"end":{"line":131,"column":29}},{"start":{"line":131,"column":33},"end":{"line":131,"column":52}},{"start":{"line":131,"column":56},"end":{"line":131,"column":79}},{"start":{"line":131,"column":83},"end":{"line":131,"column":103}}],"line":131},"19":{"loc":{"start":{"line":133,"column":6},"end":{"line":133,"column":null}},"type":"if","locations":[{"start":{"line":133,"column":6},"end":{"line":133,"column":null}},{"start":{},"end":{}}],"line":133},"20":{"loc":{"start":{"line":134,"column":13},"end":{"line":143,"column":null}},"type":"binary-expr","locations":[{"start":{"line":134,"column":13},"end":{"line":134,"column":52}},{"start":{"line":134,"column":52},"end":{"line":143,"column":null}}],"line":134},"21":{"loc":{"start":{"line":160,"column":4},"end":{"line":160,"column":null}},"type":"if","locations":[{"start":{"line":160,"column":4},"end":{"line":160,"column":null}},{"start":{},"end":{}}],"line":160},"22":{"loc":{"start":{"line":174,"column":6},"end":{"line":175,"column":null}},"type":"if","locations":[{"start":{"line":174,"column":6},"end":{"line":175,"column":null}},{"start":{},"end":{}}],"line":174},"23":{"loc":{"start":{"line":182,"column":11},"end":{"line":182,"column":null}},"type":"binary-expr","locations":[{"start":{"line":182,"column":11},"end":{"line":182,"column":25}},{"start":{"line":182,"column":25},"end":{"line":182,"column":null}}],"line":182},"24":{"loc":{"start":{"line":213,"column":8},"end":{"line":215,"column":null}},"type":"if","locations":[{"start":{"line":213,"column":8},"end":{"line":215,"column":null}},{"start":{},"end":{}}],"line":213},"25":{"loc":{"start":{"line":215,"column":19},"end":{"line":215,"column":null}},"type":"binary-expr","locations":[{"start":{"line":215,"column":19},"end":{"line":215,"column":34}},{"start":{"line":215,"column":34},"end":{"line":215,"column":null}}],"line":215},"26":{"loc":{"start":{"line":219,"column":17},"end":{"line":219,"column":null}},"type":"binary-expr","locations":[{"start":{"line":219,"column":17},"end":{"line":219,"column":34}},{"start":{"line":219,"column":34},"end":{"line":219,"column":null}}],"line":219},"27":{"loc":{"start":{"line":244,"column":10},"end":{"line":245,"column":null}},"type":"if","locations":[{"start":{"line":244,"column":10},"end":{"line":245,"column":null}},{"start":{},"end":{}}],"line":244},"28":{"loc":{"start":{"line":280,"column":17},"end":{"line":280,"column":null}},"type":"cond-expr","locations":[{"start":{"line":280,"column":28},"end":{"line":280,"column":42}},{"start":{"line":280,"column":42},"end":{"line":280,"column":null}}],"line":280},"29":{"loc":{"start":{"line":285,"column":51},"end":{"line":285,"column":75}},"type":"binary-expr","locations":[{"start":{"line":285,"column":51},"end":{"line":285,"column":65}},{"start":{"line":285,"column":65},"end":{"line":285,"column":75}}],"line":285},"30":{"loc":{"start":{"line":295,"column":42},"end":{"line":295,"column":null}},"type":"cond-expr","locations":[{"start":{"line":295,"column":64},"end":{"line":295,"column":88}},{"start":{"line":295,"column":88},"end":{"line":295,"column":null}}],"line":295},"31":{"loc":{"start":{"line":297,"column":15},"end":{"line":300,"column":15}},"type":"binary-expr","locations":[{"start":{"line":297,"column":15},"end":{"line":297,"column":null}},{"start":{"line":298,"column":16},"end":{"line":300,"column":15}}],"line":297},"32":{"loc":{"start":{"line":314,"column":11},"end":{"line":320,"column":null}},"type":"binary-expr","locations":[{"start":{"line":314,"column":11},"end":{"line":314,"column":null}},{"start":{"line":315,"column":12},"end":{"line":320,"column":null}}],"line":314},"33":{"loc":{"start":{"line":359,"column":22},"end":{"line":359,"column":null}},"type":"binary-expr","locations":[{"start":{"line":359,"column":22},"end":{"line":359,"column":40}},{"start":{"line":359,"column":44},"end":{"line":359,"column":null}}],"line":359}},"s":{"0":3,"1":32,"2":65,"3":65,"4":65,"5":65,"6":65,"7":65,"8":65,"9":23,"10":65,"11":21,"12":65,"13":65,"14":14,"15":14,"16":14,"17":14,"18":28,"19":28,"20":65,"21":2,"22":2,"23":2,"24":0,"25":0,"26":0,"27":2,"28":0,"29":2,"30":0,"31":2,"32":0,"33":2,"34":0,"35":2,"36":0,"37":2,"38":0,"39":0,"40":0,"41":0,"42":2,"43":65,"44":2,"45":0,"46":2,"47":2,"48":2,"49":2,"50":2,"51":0,"52":2,"53":2,"54":2,"55":0,"56":0,"57":0,"58":0,"59":0,"60":0,"61":0,"62":0,"63":0,"64":2,"65":2,"66":2,"67":16,"68":2,"69":2,"70":0,"71":2,"72":2,"73":2,"74":65,"75":2,"76":2,"77":65,"78":0,"79":0,"80":65,"81":55,"82":390,"83":0,"84":44},"f":{"0":32,"1":65,"2":23,"3":21,"4":14,"5":28,"6":28,"7":2,"8":2,"9":16,"10":2,"11":2,"12":2,"13":0,"14":55,"15":390,"16":0,"17":44},"b":{"0":[14,0],"1":[14,14],"2":[0,2],"3":[2,2],"4":[0,0],"5":[0,0],"6":[0,2],"7":[2,2,2,2],"8":[0,0],"9":[0,2],"10":[2,2,2],"11":[0,2],"12":[2,2,2],"13":[0,2],"14":[2,2,2],"15":[0,2],"16":[2,2,2],"17":[0,2],"18":[2,2,2,2],"19":[0,0],"20":[0,0],"21":[0,2],"22":[0,2],"23":[2,0],"24":[0,0],"25":[0,0],"26":[0,0],"27":[0,2],"28":[2,63],"29":[65,65],"30":[2,53],"31":[55,53],"32":[65,2],"33":[65,44]},"meta":{"lastBranch":34,"lastFunction":18,"lastStatement":85,"seen":{"s:13:24:20:Infinity":0,"f:22:9:22:30":0,"s:23:2:23:Infinity":1,"f:26:24:26:31":1,"s:27:17:27:44":2,"s:28:33:28:Infinity":3,"s:29:21:29:50":4,"s:30:19:30:49":5,"s:31:8:31:53":6,"s:32:8:32:49":7,"s:34:8:36:8":8,"f:34:25:34:43":2,"s:35:4:35:Infinity":9,"s:38:2:40:Infinity":10,"f:38:2:38:18":3,"s:39:4:39:Infinity":11,"s:42:8:42:34":12,"s:45:2:61:Infinity":13,"f:45:2:45:18":4,"b:46:4:58:Infinity:undefined:undefined:undefined:undefined":0,"s:46:4:58:Infinity":14,"b:46:8:46:37:46:37:46:58":1,"s:47:6:47:Infinity":15,"s:48:24:48:Infinity":16,"s:49:6:58:Infinity":17,"f:49:16:49:25":5,"s:50:8:57:Infinity":18,"f:50:8:50:25":6,"s:51:10:56:Infinity":19,"s:63:8:157:24":20,"f:63:24:63:37":7,"s:64:16:64:37":21,"s:65:19:65:Infinity":22,"b:68:4:76:Infinity:undefined:undefined:undefined:undefined":2,"s:68:4:76:Infinity":23,"b:68:8:68:32:68:36:68:64":3,"b:69:6:70:Infinity:undefined:undefined:undefined:undefined":4,"s:69:6:70:Infinity":24,"s:70:8:70:Infinity":25,"b:70:15:70:60:70:60:70:62":5,"s:72:6:76:Infinity":26,"b:79:4:83:Infinity:undefined:undefined:undefined:undefined":6,"s:79:4:83:Infinity":27,"b:79:8:79:29:79:33:79:56:79:60:79:81:79:85:79:109":7,"s:80:6:83:Infinity":28,"b:80:13:80:56:80:56:82:Infinity":8,"b:86:4:94:Infinity:undefined:undefined:undefined:undefined":9,"s:86:4:94:Infinity":29,"b:86:8:86:26:86:30:86:60:86:64:86:88":10,"s:87:6:94:Infinity":30,"b:97:4:105:Infinity:undefined:undefined:undefined:undefined":11,"s:97:4:105:Infinity":31,"b:97:8:97:28:97:32:97:56:97:60:97:82":12,"s:98:6:105:Infinity":32,"b:108:4:116:Infinity:undefined:undefined:undefined:undefined":13,"s:108:4:116:Infinity":33,"b:108:8:108:36:108:40:108:60:108:64:108:84":14,"s:109:6:116:Infinity":34,"b:119:4:128:Infinity:undefined:undefined:undefined:undefined":15,"s:119:4:128:Infinity":35,"b:119:8:119:30:119:34:119:59:119:63:119:86":16,"s:120:6:128:Infinity":36,"b:131:4:143:Infinity:undefined:undefined:undefined:undefined":17,"s:131:4:143:Infinity":37,"b:131:8:131:29:131:33:131:52:131:56:131:79:131:83:131:103":18,"s:132:18:132:Infinity":38,"b:133:6:133:Infinity:undefined:undefined:undefined:undefined":19,"s:133:6:133:Infinity":39,"s:133:31:133:Infinity":40,"s:134:6:143:Infinity":41,"b:134:13:134:52:134:52:143:Infinity":20,"s:147:4:156:Infinity":42,"s:159:8:256:83":43,"f:159:34:159:41":8,"b:160:4:160:Infinity:undefined:undefined:undefined:undefined":21,"s:160:4:160:Infinity":44,"s:160:25:160:Infinity":45,"s:163:4:168:Infinity":46,"s:170:4:170:Infinity":47,"s:171:4:171:Infinity":48,"s:173:4:248:Infinity":49,"b:174:6:175:Infinity:undefined:undefined:undefined:undefined":22,"s:174:6:175:Infinity":50,"s:175:8:175:Infinity":51,"s:178:17:178:81":52,"s:179:21:191:Infinity":53,"b:182:11:182:25:182:25:182:Infinity":23,"s:193:23:209:8":54,"s:211:19:211:Infinity":55,"s:212:6:219:Infinity":56,"b:213:8:215:Infinity:undefined:undefined:undefined:undefined":24,"s:213:8:215:Infinity":57,"s:214:25:214:50":58,"s:215:10:215:Infinity":59,"b:215:19:215:34:215:34:215:Infinity":25,"s:218:8:218:Infinity":60,"s:219:8:219:Infinity":61,"b:219:17:219:34:219:34:219:Infinity":26,"s:222:6:227:Infinity":62,"s:228:6:228:Infinity":63,"s:231:6:231:Infinity":64,"s:233:24:233:46":65,"s:236:6:248:Infinity":66,"f:236:16:236:25":9,"s:237:8:247:Infinity":67,"f:237:8:237:25":10,"s:238:10:243:Infinity":68,"b:244:10:245:Infinity:undefined:undefined:undefined:undefined":27,"s:244:10:245:Infinity":69,"s:245:12:245:Infinity":70,"s:252:4:255:Infinity":71,"f:252:4:252:21":11,"s:253:6:253:Infinity":72,"s:254:6:254:Infinity":73,"s:258:8:260:Infinity":74,"f:258:8:258:24":12,"s:259:4:259:Infinity":75,"s:260:4:260:Infinity":76,"s:263:8:265:Infinity":77,"f:263:8:263:31":13,"s:264:4:264:Infinity":78,"s:265:4:265:Infinity":79,"s:268:2:369:Infinity":80,"b:280:28:280:42:280:42:280:Infinity":28,"b:285:51:285:65:285:65:285:75":29,"f:292:24:292:29":14,"s:293:12:311:Infinity":81,"b:295:64:295:88:295:88:295:Infinity":30,"b:297:15:297:Infinity:298:16:300:15":31,"b:314:11:314:Infinity:315:12:320:Infinity":32,"f:330:27:330:31":15,"s:331:12:338:Infinity":82,"f:334:14:334:29":16,"s:334:29:334:64":83,"f:349:12:349:22":17,"s:349:27:349:56":84,"b:359:22:359:40:359:44:359:Infinity":33}}}
,"/Users/nencybatada/Documents/Projects/Antigravity/PromptVirtualWar/ElectionProcessEducation/src/components/Dashboard.tsx": {"path":"/Users/nencybatada/Documents/Projects/Antigravity/PromptVirtualWar/ElectionProcessEducation/src/components/Dashboard.tsx","statementMap":{"0":{"start":{"line":12,"column":27},"end":{"line":12,"column":51}},"1":{"start":{"line":13,"column":19},"end":{"line":13,"column":null}},"2":{"start":{"line":14,"column":19},"end":{"line":14,"column":32}},"3":{"start":{"line":16,"column":8},"end":{"line":18,"column":18}},"4":{"start":{"line":17,"column":4},"end":{"line":17,"column":null}},"5":{"start":{"line":17,"column":35},"end":{"line":17,"column":57}},"6":{"start":{"line":20,"column":8},"end":{"line":24,"column":24}},"7":{"start":{"line":21,"column":4},"end":{"line":23,"column":null}},"8":{"start":{"line":22,"column":6},"end":{"line":22,"column":47}},"9":{"start":{"line":26,"column":8},"end":{"line":28,"column":42}},"10":{"start":{"line":27,"column":4},"end":{"line":27,"column":null}},"11":{"start":{"line":27,"column":38},"end":{"line":27,"column":76}},"12":{"start":{"line":30,"column":8},"end":{"line":36,"column":8}},"13":{"start":{"line":31,"column":16},"end":{"line":31,"column":26}},"14":{"start":{"line":32,"column":4},"end":{"line":35,"column":null}},"15":{"start":{"line":33,"column":19},"end":{"line":33,"column":42}},"16":{"start":{"line":34,"column":22},"end":{"line":34,"column":77}},"17":{"start":{"line":38,"column":8},"end":{"line":42,"column":null}},"18":{"start":{"line":39,"column":19},"end":{"line":39,"column":36}},"19":{"start":{"line":40,"column":16},"end":{"line":40,"column":26}},"20":{"start":{"line":41,"column":17},"end":{"line":41,"column":86}},"21":{"start":{"line":42,"column":4},"end":{"line":42,"column":null}},"22":{"start":{"line":45,"column":8},"end":{"line":50,"column":null}},"23":{"start":{"line":46,"column":4},"end":{"line":50,"column":null}},"24":{"start":{"line":47,"column":29},"end":{"line":47,"column":null}},"25":{"start":{"line":48,"column":25},"end":{"line":48,"column":null}},"26":{"start":{"line":49,"column":20},"end":{"line":49,"column":null}},"27":{"start":{"line":50,"column":20},"end":{"line":50,"column":null}},"28":{"start":{"line":54,"column":22},"end":{"line":54,"column":38}},"29":{"start":{"line":56,"column":23},"end":{"line":61,"column":null}},"30":{"start":{"line":63,"column":2},"end":{"line":205,"column":null}},"31":{"start":{"line":94,"column":34},"end":{"line":94,"column":71}},"32":{"start":{"line":95,"column":32},"end":{"line":95,"column":null}},"33":{"start":{"line":96,"column":14},"end":{"line":106,"column":null}},"34":{"start":{"line":125,"column":31},"end":{"line":125,"column":48}},"35":{"start":{"line":140,"column":14},"end":{"line":152,"column":null}},"36":{"start":{"line":143,"column":31},"end":{"line":143,"column":52}},"37":{"start":{"line":164,"column":31},"end":{"line":164,"column":52}},"38":{"start":{"line":172,"column":33},"end":{"line":172,"column":60}},"39":{"start":{"line":173,"column":16},"end":{"line":186,"column":null}}},"fnMap":{"0":{"name":"Dashboard","decl":{"start":{"line":11,"column":24},"end":{"line":11,"column":36}},"loc":{"start":{"line":11,"column":36},"end":{"line":205,"column":null}},"line":11},"1":{"name":"(anonymous_1)","decl":{"start":{"line":16,"column":20},"end":{"line":16,"column":34}},"loc":{"start":{"line":16,"column":34},"end":{"line":18,"column":6}},"line":16},"2":{"name":"(anonymous_2)","decl":{"start":{"line":17,"column":25},"end":{"line":17,"column":30}},"loc":{"start":{"line":17,"column":35},"end":{"line":17,"column":57}},"line":17},"3":{"name":"(anonymous_3)","decl":{"start":{"line":20,"column":24},"end":{"line":20,"column":38}},"loc":{"start":{"line":20,"column":38},"end":{"line":24,"column":6}},"line":20},"4":{"name":"(anonymous_4)","decl":{"start":{"line":21,"column":26},"end":{"line":21,"column":33}},"loc":{"start":{"line":22,"column":6},"end":{"line":22,"column":47}},"line":22},"5":{"name":"(anonymous_5)","decl":{"start":{"line":26,"column":19},"end":{"line":26,"column":33}},"loc":{"start":{"line":26,"column":33},"end":{"line":28,"column":6}},"line":26},"6":{"name":"(anonymous_6)","decl":{"start":{"line":27,"column":25},"end":{"line":27,"column":30}},"loc":{"start":{"line":27,"column":38},"end":{"line":27,"column":76}},"line":27},"7":{"name":"(anonymous_7)","decl":{"start":{"line":30,"column":28},"end":{"line":30,"column":42}},"loc":{"start":{"line":30,"column":42},"end":{"line":36,"column":7}},"line":30},"8":{"name":"(anonymous_8)","decl":{"start":{"line":33,"column":7},"end":{"line":33,"column":14}},"loc":{"start":{"line":33,"column":19},"end":{"line":33,"column":42}},"line":33},"9":{"name":"(anonymous_9)","decl":{"start":{"line":34,"column":7},"end":{"line":34,"column":13}},"loc":{"start":{"line":34,"column":22},"end":{"line":34,"column":77}},"line":34},"10":{"name":"(anonymous_10)","decl":{"start":{"line":38,"column":8},"end":{"line":38,"column":24}},"loc":{"start":{"line":38,"column":44},"end":{"line":42,"column":null}},"line":38},"11":{"name":"(anonymous_11)","decl":{"start":{"line":45,"column":8},"end":{"line":45,"column":31}},"loc":{"start":{"line":45,"column":31},"end":{"line":50,"column":null}},"line":45},"12":{"name":"(anonymous_12)","decl":{"start":{"line":93,"column":27},"end":{"line":93,"column":32}},"loc":{"start":{"line":93,"column":44},"end":{"line":106,"column":null}},"line":93},"13":{"name":"(anonymous_13)","decl":{"start":{"line":125,"column":16},"end":{"line":125,"column":31}},"loc":{"start":{"line":125,"column":31},"end":{"line":125,"column":48}},"line":125},"14":{"name":"(anonymous_14)","decl":{"start":{"line":139,"column":26},"end":{"line":139,"column":30}},"loc":{"start":{"line":140,"column":14},"end":{"line":152,"column":null}},"line":140},"15":{"name":"(anonymous_15)","decl":{"start":{"line":143,"column":16},"end":{"line":143,"column":31}},"loc":{"start":{"line":143,"column":31},"end":{"line":143,"column":52}},"line":143},"16":{"name":"(anonymous_16)","decl":{"start":{"line":164,"column":16},"end":{"line":164,"column":31}},"loc":{"start":{"line":164,"column":31},"end":{"line":164,"column":52}},"line":164},"17":{"name":"(anonymous_17)","decl":{"start":{"line":171,"column":33},"end":{"line":171,"column":37}},"loc":{"start":{"line":171,"column":49},"end":{"line":186,"column":null}},"line":171}},"branchMap":{"0":{"loc":{"start":{"line":17,"column":11},"end":{"line":17,"column":null}},"type":"binary-expr","locations":[{"start":{"line":17,"column":11},"end":{"line":17,"column":67}},{"start":{"line":17,"column":67},"end":{"line":17,"column":null}}],"line":17},"1":{"loc":{"start":{"line":46,"column":4},"end":{"line":50,"column":null}},"type":"switch","locations":[{"start":{"line":47,"column":6},"end":{"line":47,"column":null}},{"start":{"line":48,"column":6},"end":{"line":48,"column":null}},{"start":{"line":49,"column":6},"end":{"line":49,"column":null}},{"start":{"line":50,"column":6},"end":{"line":50,"column":null}}],"line":46},"2":{"loc":{"start":{"line":99,"column":57},"end":{"line":99,"column":109}},"type":"cond-expr","locations":[{"start":{"line":99,"column":71},"end":{"line":99,"column":106}},{"start":{"line":99,"column":106},"end":{"line":99,"column":109}}],"line":99},"3":{"loc":{"start":{"line":99,"column":112},"end":{"line":99,"column":null}},"type":"cond-expr","locations":[{"start":{"line":99,"column":124},"end":{"line":99,"column":162}},{"start":{"line":99,"column":162},"end":{"line":99,"column":null}}],"line":99},"4":{"loc":{"start":{"line":103,"column":21},"end":{"line":103,"column":null}},"type":"cond-expr","locations":[{"start":{"line":103,"column":35},"end":{"line":103,"column":41}},{"start":{"line":103,"column":41},"end":{"line":103,"column":null}}],"line":103},"5":{"loc":{"start":{"line":113,"column":9},"end":{"line":130,"column":null}},"type":"binary-expr","locations":[{"start":{"line":113,"column":9},"end":{"line":113,"column":null}},{"start":{"line":114,"column":10},"end":{"line":130,"column":null}}],"line":113},"6":{"loc":{"start":{"line":158,"column":9},"end":{"line":189,"column":null}},"type":"binary-expr","locations":[{"start":{"line":158,"column":9},"end":{"line":158,"column":null}},{"start":{"line":159,"column":10},"end":{"line":189,"column":null}}],"line":158},"7":{"loc":{"start":{"line":174,"column":80},"end":{"line":174,"column":null}},"type":"cond-expr","locations":[{"start":{"line":174,"column":98},"end":{"line":174,"column":135}},{"start":{"line":174,"column":135},"end":{"line":174,"column":null}}],"line":174},"8":{"loc":{"start":{"line":182,"column":69},"end":{"line":182,"column":null}},"type":"cond-expr","locations":[{"start":{"line":182,"column":86},"end":{"line":182,"column":126}},{"start":{"line":182,"column":126},"end":{"line":182,"column":null}}],"line":182}},"s":{"0":16,"1":16,"2":16,"3":16,"4":15,"5":282,"6":16,"7":15,"8":120,"9":16,"10":15,"11":15,"12":16,"13":15,"14":15,"15":75,"16":90,"17":16,"18":48,"19":48,"20":48,"21":48,"22":16,"23":16,"24":12,"25":4,"26":0,"27":0,"28":16,"29":16,"30":16,"31":52,"32":52,"33":52,"34":0,"35":64,"36":0,"37":0,"38":48,"39":48},"f":{"0":16,"1":15,"2":282,"3":15,"4":120,"5":15,"6":15,"7":15,"8":75,"9":90,"10":48,"11":16,"12":52,"13":0,"14":64,"15":0,"16":0,"17":48},"b":{"0":[15,0],"1":[12,4,0,0],"2":[0,52],"3":[16,36],"4":[0,52],"5":[16,16],"6":[16,16],"7":[16,32],"8":[0,48]},"meta":{"lastBranch":9,"lastFunction":18,"lastStatement":40,"seen":{"f:11:24:11:36":0,"s:12:27:12:51":0,"s:13:19:13:Infinity":1,"s:14:19:14:32":2,"s:16:8:18:18":3,"f:16:20:16:34":1,"s:17:4:17:Infinity":4,"b:17:11:17:67:17:67:17:Infinity":0,"f:17:25:17:30":2,"s:17:35:17:57":5,"s:20:8:24:24":6,"f:20:24:20:38":3,"s:21:4:23:Infinity":7,"f:21:26:21:33":4,"s:22:6:22:47":8,"s:26:8:28:42":9,"f:26:19:26:33":5,"s:27:4:27:Infinity":10,"f:27:25:27:30":6,"s:27:38:27:76":11,"s:30:8:36:8":12,"f:30:28:30:42":7,"s:31:16:31:26":13,"s:32:4:35:Infinity":14,"f:33:7:33:14":8,"s:33:19:33:42":15,"f:34:7:34:13":9,"s:34:22:34:77":16,"s:38:8:42:Infinity":17,"f:38:8:38:24":10,"s:39:19:39:36":18,"s:40:16:40:26":19,"s:41:17:41:86":20,"s:42:4:42:Infinity":21,"s:45:8:50:Infinity":22,"f:45:8:45:31":11,"b:47:6:47:Infinity:48:6:48:Infinity:49:6:49:Infinity:50:6:50:Infinity":1,"s:46:4:50:Infinity":23,"s:47:29:47:Infinity":24,"s:48:25:48:Infinity":25,"s:49:20:49:Infinity":26,"s:50:20:50:Infinity":27,"s:54:22:54:38":28,"s:56:23:61:Infinity":29,"s:63:2:205:Infinity":30,"f:93:27:93:32":12,"s:94:34:94:71":31,"s:95:32:95:Infinity":32,"s:96:14:106:Infinity":33,"b:99:71:99:106:99:106:99:109":2,"b:99:124:99:162:99:162:99:Infinity":3,"b:103:35:103:41:103:41:103:Infinity":4,"b:113:9:113:Infinity:114:10:130:Infinity":5,"f:125:16:125:31":13,"s:125:31:125:48":34,"f:139:26:139:30":14,"s:140:14:152:Infinity":35,"f:143:16:143:31":15,"s:143:31:143:52":36,"b:158:9:158:Infinity:159:10:189:Infinity":6,"f:164:16:164:31":16,"s:164:31:164:52":37,"f:171:33:171:37":17,"s:172:33:172:60":38,"s:173:16:186:Infinity":39,"b:174:98:174:135:174:135:174:Infinity":7,"b:182:86:182:126:182:126:182:Infinity":8}}}
,"/Users/nencybatada/Documents/Projects/Antigravity/PromptVirtualWar/ElectionProcessEducation/src/components/Deadlines.tsx": {"path":"/Users/nencybatada/Documents/Projects/Antigravity/PromptVirtualWar/ElectionProcessEducation/src/components/Deadlines.tsx","statementMap":{"0":{"start":{"line":10,"column":8},"end":{"line":18,"column":8}},"1":{"start":{"line":11,"column":16},"end":{"line":11,"column":26}},"2":{"start":{"line":12,"column":4},"end":{"line":17,"column":null}},"3":{"start":{"line":13,"column":19},"end":{"line":13,"column":35}},"4":{"start":{"line":14,"column":19},"end":{"line":14,"column":86}},"5":{"start":{"line":15,"column":21},"end":{"line":15,"column":null}},"6":{"start":{"line":16,"column":6},"end":{"line":16,"column":null}},"7":{"start":{"line":17,"column":22},"end":{"line":17,"column":77}},"8":{"start":{"line":20,"column":8},"end":{"line":24,"column":null}},"9":{"start":{"line":21,"column":4},"end":{"line":21,"column":null}},"10":{"start":{"line":21,"column":16},"end":{"line":21,"column":null}},"11":{"start":{"line":22,"column":4},"end":{"line":22,"column":null}},"12":{"start":{"line":22,"column":19},"end":{"line":22,"column":null}},"13":{"start":{"line":23,"column":4},"end":{"line":23,"column":null}},"14":{"start":{"line":23,"column":20},"end":{"line":23,"column":null}},"15":{"start":{"line":24,"column":4},"end":{"line":24,"column":null}},"16":{"start":{"line":27,"column":8},"end":{"line":32,"column":null}},"17":{"start":{"line":28,"column":4},"end":{"line":32,"column":null}},"18":{"start":{"line":29,"column":27},"end":{"line":29,"column":null}},"19":{"start":{"line":30,"column":21},"end":{"line":30,"column":null}},"20":{"start":{"line":31,"column":22},"end":{"line":31,"column":null}},"21":{"start":{"line":32,"column":15},"end":{"line":32,"column":null}},"22":{"start":{"line":36,"column":2},"end":{"line":126,"column":null}},"23":{"start":{"line":68,"column":12},"end":{"line":113,"column":null}}},"fnMap":{"0":{"name":"Deadlines","decl":{"start":{"line":9,"column":24},"end":{"line":9,"column":36}},"loc":{"start":{"line":9,"column":36},"end":{"line":126,"column":null}},"line":9},"1":{"name":"(anonymous_1)","decl":{"start":{"line":10,"column":31},"end":{"line":10,"column":45}},"loc":{"start":{"line":10,"column":45},"end":{"line":18,"column":7}},"line":10},"2":{"name":"(anonymous_2)","decl":{"start":{"line":12,"column":21},"end":{"line":12,"column":25}},"loc":{"start":{"line":12,"column":30},"end":{"line":17,"column":7}},"line":12},"3":{"name":"(anonymous_3)","decl":{"start":{"line":17,"column":7},"end":{"line":17,"column":13}},"loc":{"start":{"line":17,"column":22},"end":{"line":17,"column":77}},"line":17},"4":{"name":"(anonymous_4)","decl":{"start":{"line":20,"column":8},"end":{"line":20,"column":27}},"loc":{"start":{"line":20,"column":61},"end":{"line":24,"column":null}},"line":20},"5":{"name":"(anonymous_5)","decl":{"start":{"line":27,"column":8},"end":{"line":27,"column":28}},"loc":{"start":{"line":27,"column":49},"end":{"line":32,"column":null}},"line":27},"6":{"name":"(anonymous_6)","decl":{"start":{"line":67,"column":32},"end":{"line":67,"column":37}},"loc":{"start":{"line":68,"column":12},"end":{"line":113,"column":null}},"line":68}},"branchMap":{"0":{"loc":{"start":{"line":21,"column":4},"end":{"line":21,"column":null}},"type":"if","locations":[{"start":{"line":21,"column":4},"end":{"line":21,"column":null}},{"start":{},"end":{}}],"line":21},"1":{"loc":{"start":{"line":22,"column":4},"end":{"line":22,"column":null}},"type":"if","locations":[{"start":{"line":22,"column":4},"end":{"line":22,"column":null}},{"start":{},"end":{}}],"line":22},"2":{"loc":{"start":{"line":23,"column":4},"end":{"line":23,"column":null}},"type":"if","locations":[{"start":{"line":23,"column":4},"end":{"line":23,"column":null}},{"start":{},"end":{}}],"line":23},"3":{"loc":{"start":{"line":28,"column":4},"end":{"line":32,"column":null}},"type":"switch","locations":[{"start":{"line":29,"column":6},"end":{"line":29,"column":null}},{"start":{"line":30,"column":6},"end":{"line":30,"column":null}},{"start":{"line":31,"column":6},"end":{"line":31,"column":null}},{"start":{"line":32,"column":6},"end":{"line":32,"column":null}}],"line":28},"4":{"loc":{"start":{"line":91,"column":19},"end":{"line":92,"column":null}},"type":"binary-expr","locations":[{"start":{"line":91,"column":19},"end":{"line":91,"column":38}},{"start":{"line":91,"column":38},"end":{"line":91,"column":null}},{"start":{"line":92,"column":20},"end":{"line":92,"column":null}}],"line":91},"5":{"loc":{"start":{"line":104,"column":17},"end":{"line":110,"column":null}},"type":"cond-expr","locations":[{"start":{"line":105,"column":18},"end":{"line":107,"column":null}},{"start":{"line":107,"column":18},"end":{"line":110,"column":null}}],"line":104}},"s":{"0":11,"1":11,"2":11,"3":55,"4":55,"5":55,"6":55,"7":66,"8":11,"9":55,"10":0,"11":55,"12":0,"13":55,"14":0,"15":55,"16":11,"17":55,"18":11,"19":33,"20":11,"21":0,"22":11,"23":55},"f":{"0":11,"1":11,"2":55,"3":66,"4":55,"5":55,"6":55},"b":{"0":[0,55],"1":[0,55],"2":[0,55],"3":[11,33,11,0],"4":[55,22,22],"5":[0,55]},"meta":{"lastBranch":6,"lastFunction":7,"lastStatement":24,"seen":{"f:9:24:9:36":0,"s:10:8:18:8":0,"f:10:31:10:45":1,"s:11:16:11:26":1,"s:12:4:17:Infinity":2,"f:12:21:12:25":2,"s:13:19:13:35":3,"s:14:19:14:86":4,"s:15:21:15:Infinity":5,"s:16:6:16:Infinity":6,"f:17:7:17:13":3,"s:17:22:17:77":7,"s:20:8:24:Infinity":8,"f:20:8:20:27":4,"b:21:4:21:Infinity:undefined:undefined:undefined:undefined":0,"s:21:4:21:Infinity":9,"s:21:16:21:Infinity":10,"b:22:4:22:Infinity:undefined:undefined:undefined:undefined":1,"s:22:4:22:Infinity":11,"s:22:19:22:Infinity":12,"b:23:4:23:Infinity:undefined:undefined:undefined:undefined":2,"s:23:4:23:Infinity":13,"s:23:20:23:Infinity":14,"s:24:4:24:Infinity":15,"s:27:8:32:Infinity":16,"f:27:8:27:28":5,"b:29:6:29:Infinity:30:6:30:Infinity:31:6:31:Infinity:32:6:32:Infinity":3,"s:28:4:32:Infinity":17,"s:29:27:29:Infinity":18,"s:30:21:30:Infinity":19,"s:31:22:31:Infinity":20,"s:32:15:32:Infinity":21,"s:36:2:126:Infinity":22,"f:67:32:67:37":6,"s:68:12:113:Infinity":23,"b:91:19:91:38:91:38:91:Infinity:92:20:92:Infinity":4,"b:105:18:107:Infinity:107:18:110:Infinity":5}}}
,"/Users/nencybatada/Documents/Projects/Antigravity/PromptVirtualWar/ElectionProcessEducation/src/components/Eligibility.tsx": {"path":"/Users/nencybatada/Documents/Projects/Antigravity/PromptVirtualWar/ElectionProcessEducation/src/components/Eligibility.tsx","statementMap":{"0":{"start":{"line":11,"column":17},"end":{"line":11,"column":44}},"1":{"start":{"line":12,"column":19},"end":{"line":12,"column":null}},"2":{"start":{"line":14,"column":8},"end":{"line":19,"column":30}},"3":{"start":{"line":15,"column":4},"end":{"line":18,"column":null}},"4":{"start":{"line":15,"column":42},"end":{"line":18,"column":7}},"5":{"start":{"line":21,"column":23},"end":{"line":21,"column":null}},"6":{"start":{"line":21,"column":41},"end":{"line":21,"column":51}},"7":{"start":{"line":22,"column":21},"end":{"line":22,"column":null}},"8":{"start":{"line":23,"column":22},"end":{"line":23,"column":null}},"9":{"start":{"line":25,"column":8},"end":{"line":27,"column":null}},"10":{"start":{"line":26,"column":20},"end":{"line":26,"column":null}},"11":{"start":{"line":27,"column":4},"end":{"line":27,"column":null}},"12":{"start":{"line":30,"column":2},"end":{"line":119,"column":null}},"13":{"start":{"line":69,"column":12},"end":{"line":94,"column":null}},"14":{"start":{"line":75,"column":31},"end":{"line":75,"column":52}}},"fnMap":{"0":{"name":"Eligibility","decl":{"start":{"line":10,"column":24},"end":{"line":10,"column":38}},"loc":{"start":{"line":10,"column":38},"end":{"line":119,"column":null}},"line":10},"1":{"name":"(anonymous_1)","decl":{"start":{"line":14,"column":16},"end":{"line":14,"column":30}},"loc":{"start":{"line":14,"column":30},"end":{"line":19,"column":6}},"line":14},"2":{"name":"(anonymous_2)","decl":{"start":{"line":15,"column":29},"end":{"line":15,"column":33}},"loc":{"start":{"line":15,"column":42},"end":{"line":18,"column":7}},"line":15},"3":{"name":"(anonymous_3)","decl":{"start":{"line":21,"column":29},"end":{"line":21,"column":36}},"loc":{"start":{"line":21,"column":41},"end":{"line":21,"column":51}},"line":21},"4":{"name":"(anonymous_4)","decl":{"start":{"line":25,"column":8},"end":{"line":25,"column":24}},"loc":{"start":{"line":25,"column":39},"end":{"line":27,"column":null}},"line":25},"5":{"name":"(anonymous_5)","decl":{"start":{"line":68,"column":17},"end":{"line":68,"column":22}},"loc":{"start":{"line":69,"column":12},"end":{"line":94,"column":null}},"line":69},"6":{"name":"(anonymous_6)","decl":{"start":{"line":75,"column":16},"end":{"line":75,"column":31}},"loc":{"start":{"line":75,"column":31},"end":{"line":75,"column":52}},"line":75}},"branchMap":{"0":{"loc":{"start":{"line":17,"column":15},"end":{"line":17,"column":null}},"type":"binary-expr","locations":[{"start":{"line":17,"column":15},"end":{"line":17,"column":50}},{"start":{"line":17,"column":50},"end":{"line":17,"column":null}}],"line":17},"1":{"loc":{"start":{"line":26,"column":20},"end":{"line":26,"column":null}},"type":"binary-expr","locations":[{"start":{"line":26,"column":20},"end":{"line":26,"column":50}},{"start":{"line":26,"column":50},"end":{"line":26,"column":null}}],"line":26},"2":{"loc":{"start":{"line":61,"column":50},"end":{"line":61,"column":null}},"type":"cond-expr","locations":[{"start":{"line":61,"column":63},"end":{"line":61,"column":93}},{"start":{"line":61,"column":93},"end":{"line":61,"column":null}}],"line":61},"3":{"loc":{"start":{"line":62,"column":13},"end":{"line":62,"column":null}},"type":"cond-expr","locations":[{"start":{"line":62,"column":26},"end":{"line":62,"column":42}},{"start":{"line":62,"column":42},"end":{"line":62,"column":null}}],"line":62},"4":{"loc":{"start":{"line":62,"column":42},"end":{"line":62,"column":null}},"type":"cond-expr","locations":[{"start":{"line":62,"column":56},"end":{"line":62,"column":81}},{"start":{"line":62,"column":81},"end":{"line":62,"column":null}}],"line":62},"5":{"loc":{"start":{"line":71,"column":46},"end":{"line":71,"column":95}},"type":"cond-expr","locations":[{"start":{"line":71,"column":61},"end":{"line":71,"column":92}},{"start":{"line":71,"column":92},"end":{"line":71,"column":95}}],"line":71},"6":{"loc":{"start":{"line":74,"column":52},"end":{"line":74,"column":null}},"type":"cond-expr","locations":[{"start":{"line":74,"column":67},"end":{"line":74,"column":102}},{"start":{"line":74,"column":102},"end":{"line":74,"column":null}}],"line":74},"7":{"loc":{"start":{"line":81,"column":17},"end":{"line":84,"column":null}},"type":"binary-expr","locations":[{"start":{"line":81,"column":17},"end":{"line":81,"column":null}},{"start":{"line":82,"column":18},"end":{"line":84,"column":null}}],"line":81},"8":{"loc":{"start":{"line":91,"column":52},"end":{"line":91,"column":null}},"type":"cond-expr","locations":[{"start":{"line":91,"column":67},"end":{"line":91,"column":96}},{"start":{"line":91,"column":96},"end":{"line":91,"column":null}}],"line":91},"9":{"loc":{"start":{"line":92,"column":17},"end":{"line":92,"column":null}},"type":"cond-expr","locations":[{"start":{"line":92,"column":32},"end":{"line":92,"column":40}},{"start":{"line":92,"column":40},"end":{"line":92,"column":null}}],"line":92},"10":{"loc":{"start":{"line":99,"column":9},"end":{"line":106,"column":null}},"type":"binary-expr","locations":[{"start":{"line":99,"column":9},"end":{"line":99,"column":null}},{"start":{"line":100,"column":10},"end":{"line":106,"column":null}}],"line":99}},"s":{"0":20,"1":20,"2":20,"3":20,"4":100,"5":20,"6":100,"7":20,"8":20,"9":20,"10":7,"11":7,"12":20,"13":100,"14":7},"f":{"0":20,"1":20,"2":100,"3":100,"4":7,"5":100,"6":7},"b":{"0":[100,83],"1":[7,7],"2":[1,19],"3":[1,19],"4":[13,6],"5":[17,83],"6":[17,83],"7":[100,17],"8":[17,83],"9":[17,83],"10":[20,1]},"meta":{"lastBranch":11,"lastFunction":7,"lastStatement":15,"seen":{"f:10:24:10:38":0,"s:11:17:11:44":0,"s:12:19:12:Infinity":1,"s:14:8:19:30":2,"f:14:16:14:30":1,"s:15:4:18:Infinity":3,"f:15:29:15:33":2,"s:15:42:18:7":4,"b:17:15:17:50:17:50:17:Infinity":0,"s:21:23:21:Infinity":5,"f:21:29:21:36":3,"s:21:41:21:51":6,"s:22:21:22:Infinity":7,"s:23:22:23:Infinity":8,"s:25:8:27:Infinity":9,"f:25:8:25:24":4,"s:26:20:26:Infinity":10,"b:26:20:26:50:26:50:26:Infinity":1,"s:27:4:27:Infinity":11,"s:30:2:119:Infinity":12,"b:61:63:61:93:61:93:61:Infinity":2,"b:62:26:62:42:62:42:62:Infinity":3,"b:62:56:62:81:62:81:62:Infinity":4,"f:68:17:68:22":5,"s:69:12:94:Infinity":13,"b:71:61:71:92:71:92:71:95":5,"b:74:67:74:102:74:102:74:Infinity":6,"f:75:16:75:31":6,"s:75:31:75:52":14,"b:81:17:81:Infinity:82:18:84:Infinity":7,"b:91:67:91:96:91:96:91:Infinity":8,"b:92:32:92:40:92:40:92:Infinity":9,"b:99:9:99:Infinity:100:10:106:Infinity":10}}}
,"/Users/nencybatada/Documents/Projects/Antigravity/PromptVirtualWar/ElectionProcessEducation/src/components/ErrorBoundary.tsx": {"path":"/Users/nencybatada/Documents/Projects/Antigravity/PromptVirtualWar/ElectionProcessEducation/src/components/ErrorBoundary.tsx","statementMap":{"0":{"start":{"line":37,"column":2},"end":{"line":38,"column":null}},"1":{"start":{"line":41,"column":2},"end":{"line":47,"column":null}},"2":{"start":{"line":24,"column":4},"end":{"line":24,"column":null}},"3":{"start":{"line":25,"column":4},"end":{"line":25,"column":null}},"4":{"start":{"line":29,"column":4},"end":{"line":29,"column":null}},"5":{"start":{"line":33,"column":4},"end":{"line":33,"column":null}},"6":{"start":{"line":34,"column":4},"end":{"line":34,"column":null}},"7":{"start":{"line":38,"column":4},"end":{"line":38,"column":null}},"8":{"start":{"line":42,"column":4},"end":{"line":44,"column":null}},"9":{"start":{"line":43,"column":6},"end":{"line":43,"column":null}},"10":{"start":{"line":47,"column":4},"end":{"line":47,"column":null}},"11":{"start":{"line":51,"column":4},"end":{"line":90,"column":null}},"12":{"start":{"line":52,"column":6},"end":{"line":53,"column":null}},"13":{"start":{"line":53,"column":8},"end":{"line":53,"column":null}},"14":{"start":{"line":56,"column":6},"end":{"line":90,"column":null}},"15":{"start":{"line":94,"column":4},"end":{"line":94,"column":null}}},"fnMap":{"0":{"name":"(anonymous_0)","decl":{"start":{"line":23,"column":2},"end":{"line":23,"column":14}},"loc":{"start":{"line":23,"column":41},"end":{"line":25,"column":null}},"line":23},"1":{"name":"(anonymous_1)","decl":{"start":{"line":28,"column":9},"end":{"line":28,"column":34}},"loc":{"start":{"line":28,"column":68},"end":{"line":29,"column":null}},"line":28},"2":{"name":"(anonymous_2)","decl":{"start":{"line":32,"column":2},"end":{"line":32,"column":20}},"loc":{"start":{"line":32,"column":62},"end":{"line":34,"column":null}},"line":32},"3":{"name":"(anonymous_3)","decl":{"start":{"line":37,"column":2},"end":{"line":37,"column":28}},"loc":{"start":{"line":37,"column":28},"end":{"line":38,"column":null}},"line":37},"4":{"name":"(anonymous_4)","decl":{"start":{"line":41,"column":2},"end":{"line":41,"column":32}},"loc":{"start":{"line":41,"column":32},"end":{"line":47,"column":null}},"line":41},"5":{"name":"(anonymous_5)","decl":{"start":{"line":50,"column":2},"end":{"line":50,"column":22}},"loc":{"start":{"line":50,"column":22},"end":{"line":94,"column":null}},"line":50}},"branchMap":{"0":{"loc":{"start":{"line":51,"column":4},"end":{"line":90,"column":null}},"type":"if","locations":[{"start":{"line":51,"column":4},"end":{"line":90,"column":null}},{"start":{},"end":{}}],"line":51},"1":{"loc":{"start":{"line":52,"column":6},"end":{"line":53,"column":null}},"type":"if","locations":[{"start":{"line":52,"column":6},"end":{"line":53,"column":null}},{"start":{},"end":{}}],"line":52},"2":{"loc":{"start":{"line":65,"column":13},"end":{"line":70,"column":null}},"type":"binary-expr","locations":[{"start":{"line":65,"column":13},"end":{"line":65,"column":null}},{"start":{"line":66,"column":14},"end":{"line":70,"column":null}}],"line":65}},"s":{"0":1,"1":0,"2":35,"3":35,"4":18,"5":9,"6":9,"7":1,"8":0,"9":0,"10":0,"11":54,"12":18,"13":2,"14":16,"15":36},"f":{"0":35,"1":3,"2":9,"3":1,"4":0,"5":54},"b":{"0":[18,36],"1":[2,16],"2":[16,16]},"meta":{"lastBranch":3,"lastFunction":6,"lastStatement":16,"seen":{"s:37:2:38:Infinity":0,"s:41:2:47:Infinity":1,"f:23:2:23:14":0,"s:24:4:24:Infinity":2,"s:25:4:25:Infinity":3,"f:28:9:28:34":1,"s:29:4:29:Infinity":4,"f:32:2:32:20":2,"s:33:4:33:Infinity":5,"s:34:4:34:Infinity":6,"f:37:2:37:28":3,"s:38:4:38:Infinity":7,"f:41:2:41:32":4,"s:42:4:44:Infinity":8,"s:43:6:43:Infinity":9,"s:47:4:47:Infinity":10,"f:50:2:50:22":5,"b:51:4:90:Infinity:undefined:undefined:undefined:undefined":0,"s:51:4:90:Infinity":11,"b:52:6:53:Infinity:undefined:undefined:undefined:undefined":1,"s:52:6:53:Infinity":12,"s:53:8:53:Infinity":13,"s:56:6:90:Infinity":14,"b:65:13:65:Infinity:66:14:70:Infinity":2,"s:94:4:94:Infinity":15}}}
[...]
"column":null}},"type":"binary-expr","locations":[{"start":{"line":216,"column":11},"end":{"line":216,"column":null}},{"start":{"line":217,"column":12},"end":{"line":241,"column":null}}],"line":216}},"s":{"0":3,"1":3,"2":50,"3":50,"4":50,"5":50,"6":50,"7":50,"8":50,"9":7,"10":7,"11":7,"12":0,"13":50,"14":0,"15":0,"16":0,"17":50,"18":4,"19":4,"20":4,"21":4,"22":50,"23":2,"24":2,"25":50,"26":1,"27":1,"28":50,"29":1,"30":1,"31":50,"32":1800,"33":50,"34":20,"35":9,"36":227,"37":2,"38":8,"39":1,"40":6,"41":1},"f":{"0":50,"1":7,"2":0,"3":4,"4":2,"5":1,"6":1,"7":1800,"8":20,"9":9,"10":227,"11":2,"12":8,"13":1,"14":6,"15":1},"b":{"0":[7,0],"1":[0,0],"2":[4,0],"3":[1800,347],"4":[50,33],"5":[50,14],"6":[0,227],"7":[50,2],"8":[2,6],"9":[2,6],"10":[50,1]},"meta":{"lastBranch":11,"lastFunction":16,"lastStatement":42,"seen":{"s:13:32:13:Infinity":0,"s:15:92:20:Infinity":1,"f:22:24:22:37":0,"s:23:81:23:102":2,"s:24:22:24:72":3,"s:25:20:25:61":4,"s:26:22:26:52":5,"s:28:20:28:46":6,"s:29:8:29:Infinity":7,"s:31:8:38:37":8,"f:31:17:31:35":1,"s:32:22:32:Infinity":9,"b:33:4:36:Infinity:35:11:36:Infinity":0,"s:33:4:36:Infinity":10,"s:34:6:34:Infinity":11,"s:36:6:36:Infinity":12,"s:40:8:46:27":13,"f:40:17:40:35":2,"b:41:4:44:Infinity:43:11:44:Infinity":1,"s:41:4:44:Infinity":14,"s:42:6:42:Infinity":15,"s:44:6:44:Infinity":16,"s:48:8:52:Infinity":17,"f:48:8:48:28":3,"s:49:4:49:Infinity":18,"b:50:4:52:Infinity:undefined:undefined:undefined:undefined":2,"s:50:4:52:Infinity":19,"s:51:6:51:Infinity":20,"s:52:6:52:Infinity":21,"s:56:8:58:Infinity":22,"f:56:8:56:29":4,"s:57:4:57:Infinity":23,"s:58:4:58:Infinity":24,"s:61:8:63:Infinity":25,"f:61:8:61:30":5,"s:62:4:62:Infinity":26,"s:63:4:63:Infinity":27,"s:66:8:68:Infinity":28,"f:66:8:66:28":6,"s:67:4:67:Infinity":29,"s:68:4:68:Infinity":30,"s:71:25:73:Infinity":31,"f:71:39:71:46":7,"s:72:4:73:60":32,"b:72:4:72:60:73:4:73:60":3,"s:76:2:244:Infinity":33,"b:106:11:106:Infinity:107:12:136:Infinity":4,"f:119:20:119:30":8,"s:119:35:119:63":34,"b:142:11:142:Infinity:143:12:177:Infinity":5,"f:156:18:156:28":9,"s:156:33:156:63":35,"f:164:32:164:36":10,"s:165:18:175:Infinity":36,"b:167:86:167:122:167:122:167:Infinity":6,"f:168:20:168:35":11,"s:168:35:168:60":37,"b:182:11:182:Infinity:183:12:211:Infinity":7,"f:192:32:192:36":12,"s:193:18:209:Infinity":38,"b:195:97:195:135:195:135:195:Infinity":8,"f:196:20:196:35":13,"s:196:35:196:64":39,"b:207:62:207:68:207:68:207:Infinity":9,"b:216:11:216:Infinity:217:12:241:Infinity":10,"f:226:30:226:34":14,"s:227:18:239:Infinity":40,"f:230:20:230:35":15,"s:230:35:230:60":41}}}
,"/Users/nencybatada/Documents/Projects/Antigravity/PromptVirtualWar/ElectionProcessEducation/src/components/StepGuide.tsx": {"path":"/Users/nencybatada/Documents/Projects/Antigravity/PromptVirtualWar/ElectionProcessEducation/src/components/StepGuide.tsx","statementMap":{"0":{"start":{"line":11,"column":31},"end":{"line":11,"column":58}},"1":{"start":{"line":12,"column":19},"end":{"line":12,"column":null}},"2":{"start":{"line":13,"column":23},"end":{"line":13,"column":71}},"3":{"start":{"line":15,"column":8},"end":{"line":19,"column":24}},"4":{"start":{"line":16,"column":4},"end":{"line":18,"column":null}},"5":{"start":{"line":17,"column":6},"end":{"line":17,"column":47}},"6":{"start":{"line":21,"column":8},"end":{"line":23,"column":42}},"7":{"start":{"line":22,"column":4},"end":{"line":22,"column":null}},"8":{"start":{"line":22,"column":37},"end":{"line":22,"column":71}},"9":{"start":{"line":25,"column":8},"end":{"line":26,"column":null}},"10":{"start":{"line":26,"column":4},"end":{"line":26,"column":null}},"11":{"start":{"line":26,"column":28},"end":{"line":26,"column":60}},"12":{"start":{"line":29,"column":8},"end":{"line":34,"column":null}},"13":{"start":{"line":30,"column":4},"end":{"line":30,"column":null}},"14":{"start":{"line":31,"column":4},"end":{"line":34,"column":null}},"15":{"start":{"line":32,"column":6},"end":{"line":32,"column":null}},"16":{"start":{"line":34,"column":6},"end":{"line":34,"column":null}},"17":{"start":{"line":38,"column":2},"end":{"line":144,"column":null}},"18":{"start":{"line":62,"column":32},"end":{"line":62,"column":69}},"19":{"start":{"line":63,"column":31},"end":{"line":63,"column":null}},"20":{"start":{"line":64,"column":31},"end":{"line":64,"column":103}},"21":{"start":{"line":66,"column":12},"end":{"line":129,"column":null}},"22":{"start":{"line":78,"column":65},"end":{"line":78,"column":86}},"23":{"start":{"line":82,"column":38},"end":{"line":82,"column":60}},"24":{"start":{"line":106,"column":42},"end":{"line":106,"column":63}},"25":{"start":{"line":106,"column":63},"end":{"line":106,"column":null}},"26":{"start":{"line":119,"column":28},"end":{"line":122,"column":null}}},"fnMap":{"0":{"name":"StepGuide","decl":{"start":{"line":10,"column":24},"end":{"line":10,"column":36}},"loc":{"start":{"line":10,"column":36},"end":{"line":144,"column":null}},"line":10},"1":{"name":"(anonymous_1)","decl":{"start":{"line":15,"column":24},"end":{"line":15,"column":38}},"loc":{"start":{"line":15,"column":38},"end":{"line":19,"column":6}},"line":15},"2":{"name":"(anonymous_2)","decl":{"start":{"line":16,"column":26},"end":{"line":16,"column":33}},"loc":{"start":{"line":17,"column":6},"end":{"line":17,"column":47}},"line":17},"3":{"name":"(anonymous_3)","decl":{"start":{"line":21,"column":25},"end":{"line":21,"column":39}},"loc":{"start":{"line":21,"column":39},"end":{"line":23,"column":6}},"line":21},"4":{"name":"(anonymous_4)","decl":{"start":{"line":22,"column":25},"end":{"line":22,"column":32}},"loc":{"start":{"line":22,"column":37},"end":{"line":22,"column":71}},"line":22},"5":{"name":"(anonymous_5)","decl":{"start":{"line":25,"column":8},"end":{"line":25,"column":24}},"loc":{"start":{"line":25,"column":43},"end":{"line":26,"column":null}},"line":25},"6":{"name":"(anonymous_6)","decl":{"start":{"line":26,"column":4},"end":{"line":26,"column":20}},"loc":{"start":{"line":26,"column":28},"end":{"line":26,"column":60}},"line":26},"7":{"name":"(anonymous_7)","decl":{"start":{"line":29,"column":8},"end":{"line":29,"column":22}},"loc":{"start":{"line":29,"column":62},"end":{"line":34,"column":null}},"line":29},"8":{"name":"(anonymous_8)","decl":{"start":{"line":61,"column":25},"end":{"line":61,"column":30}},"loc":{"start":{"line":61,"column":46},"end":{"line":129,"column":null}},"line":61},"9":{"name":"(anonymous_9)","decl":{"start":{"line":78,"column":50},"end":{"line":78,"column":65}},"loc":{"start":{"line":78,"column":65},"end":{"line":78,"column":86}},"line":78},"10":{"name":"(anonymous_10)","decl":{"start":{"line":82,"column":22},"end":{"line":82,"column":32}},"loc":{"start":{"line":82,"column":38},"end":{"line":82,"column":60}},"line":82},"11":{"name":"(anonymous_11)","decl":{"start":{"line":106,"column":24},"end":{"line":106,"column":34}},"loc":{"start":{"line":106,"column":40},"end":{"line":106,"column":null}},"line":106},"12":{"name":"(anonymous_12)","decl":{"start":{"line":118,"column":41},"end":{"line":118,"column":46}},"loc":{"start":{"line":119,"column":28},"end":{"line":122,"column":null}},"line":119}},"branchMap":{"0":{"loc":{"start":{"line":26,"column":28},"end":{"line":26,"column":60}},"type":"cond-expr","locations":[{"start":{"line":26,"column":46},"end":{"line":26,"column":53}},{"start":{"line":26,"column":53},"end":{"line":26,"column":60}}],"line":26},"1":{"loc":{"start":{"line":31,"column":4},"end":{"line":34,"column":null}},"type":"if","locations":[{"start":{"line":31,"column":4},"end":{"line":34,"column":null}},{"start":{"line":33,"column":11},"end":{"line":34,"column":null}}],"line":31},"2":{"loc":{"start":{"line":64,"column":31},"end":{"line":64,"column":103}},"type":"binary-expr","locations":[{"start":{"line":64,"column":31},"end":{"line":64,"column":46}},{"start":{"line":64,"column":46},"end":{"line":64,"column":103}}],"line":64},"3":{"loc":{"start":{"line":69,"column":42},"end":{"line":69,"column":86}},"type":"cond-expr","locations":[{"start":{"line":69,"column":56},"end":{"line":69,"column":83}},{"start":{"line":69,"column":83},"end":{"line":69,"column":86}}],"line":69},"4":{"loc":{"start":{"line":69,"column":89},"end":{"line":69,"column":131}},"type":"cond-expr","locations":[{"start":{"line":69,"column":102},"end":{"line":69,"column":128}},{"start":{"line":69,"column":128},"end":{"line":69,"column":131}}],"line":69},"5":{"loc":{"start":{"line":69,"column":134},"end":{"line":69,"column":null}},"type":"cond-expr","locations":[{"start":{"line":69,"column":164},"end":{"line":69,"column":188}},{"start":{"line":69,"column":188},"end":{"line":69,"column":null}}],"line":69},"6":{"loc":{"start":{"line":69,"column":134},"end":{"line":69,"column":164}},"type":"binary-expr","locations":[{"start":{"line":69,"column":134},"end":{"line":69,"column":149}},{"start":{"line":69,"column":149},"end":{"line":69,"column":164}}],"line":69},"7":{"loc":{"start":{"line":73,"column":17},"end":{"line":78,"column":17}},"type":"binary-expr","locations":[{"start":{"line":73,"column":17},"end":{"line":73,"column":null}},{"start":{"line":74,"column":18},"end":{"line":78,"column":17}}],"line":73},"8":{"loc":{"start":{"line":74,"column":54},"end":{"line":74,"column":101}},"type":"cond-expr","locations":[{"start":{"line":74,"column":68},"end":{"line":74,"column":95}},{"start":{"line":74,"column":95},"end":{"line":74,"column":101}}],"line":74},"9":{"loc":{"start":{"line":81,"column":49},"end":{"line":81,"column":null}},"type":"cond-expr","locations":[{"start":{"line":81,"column":63},"end":{"line":81,"column":86}},{"start":{"line":81,"column":86},"end":{"line":81,"column":null}}],"line":81},"10":{"loc":{"start":{"line":83,"column":37},"end":{"line":83,"column":69}},"type":"cond-expr","locations":[{"start":{"line":83,"column":51},"end":{"line":83,"column":62}},{"start":{"line":83,"column":62},"end":{"line":83,"column":69}}],"line":83},"11":{"loc":{"start":{"line":86,"column":23},"end":{"line":91,"column":null}},"type":"cond-expr","locations":[{"start":{"line":87,"column":24},"end":{"line":91,"column":25}},{"start":{"line":91,"column":24},"end":{"line":91,"column":null}}],"line":86},"12":{"loc":{"start":{"line":103,"column":56},"end":{"line":103,"column":null}},"type":"cond-expr","locations":[{"start":{"line":103,"column":69},"end":{"line":103,"column":97}},{"start":{"line":103,"column":97},"end":{"line":103,"column":null}}],"line":103},"13":{"loc":{"start":{"line":104,"column":36},"end":{"line":104,"column":null}},"type":"cond-expr","locations":[{"start":{"line":104,"column":49},"end":{"line":104,"column":70}},{"start":{"line":104,"column":70},"end":{"line":104,"column":null}}],"line":104},"14":{"loc":{"start":{"line":114,"column":21},"end":{"line":124,"column":null}},"type":"binary-expr","locations":[{"start":{"line":114,"column":21},"end":{"line":114,"column":35}},{"start":{"line":114,"column":35},"end":{"line":114,"column":null}},{"start":{"line":115,"column":22},"end":{"line":124,"column":null}}],"line":114},"15":{"loc":{"start":{"line":134,"column":9},"end":{"line":140,"column":null}},"type":"binary-expr","locations":[{"start":{"line":134,"column":9},"end":{"line":134,"column":null}},{"start":{"line":135,"column":10},"end":{"line":140,"column":null}}],"line":134}},"s":{"0":11,"1":11,"2":11,"3":11,"4":10,"5":80,"6":11,"7":10,"8":40,"9":11,"10":1,"11":1,"12":11,"13":0,"14":0,"15":0,"16":0,"17":11,"18":44,"19":44,"20":44,"21":44,"22":0,"23":0,"24":1,"25":1,"26":4},"f":{"0":11,"1":10,"2":80,"3":10,"4":40,"5":1,"6":1,"7":0,"8":44,"9":0,"10":0,"11":1,"12":4},"b":{"0":[0,1],"1":[0,0],"2":[44,33],"3":[0,44],"4":[1,43],"5":[33,11],"6":[44,33],"7":[44,33],"8":[0,33],"9":[0,44],"10":[0,44],"11":[0,44],"12":[1,43],"13":[1,43],"14":[44,1,1],"15":[11,0]},"meta":{"lastBranch":16,"lastFunction":13,"lastStatement":27,"seen":{"f:10:24:10:36":0,"s:11:31:11:58":0,"s:12:19:12:Infinity":1,"s:13:23:13:71":2,"s:15:8:19:24":3,"f:15:24:15:38":1,"s:16:4:18:Infinity":4,"f:16:26:16:33":2,"s:17:6:17:47":5,"s:21:8:23:42":6,"f:21:25:21:39":3,"s:22:4:22:Infinity":7,"f:22:25:22:32":4,"s:22:37:22:71":8,"s:25:8:26:Infinity":9,"f:25:8:25:24":5,"s:26:4:26:Infinity":10,"f:26:4:26:20":6,"s:26:28:26:60":11,"b:26:46:26:53:26:53:26:60":0,"s:29:8:34:Infinity":12,"f:29:8:29:22":7,"s:30:4:30:Infinity":13,"b:31:4:34:Infinity:33:11:34:Infinity":1,"s:31:4:34:Infinity":14,"s:32:6:32:Infinity":15,"s:34:6:34:Infinity":16,"s:38:2:144:Infinity":17,"f:61:25:61:30":8,"s:62:32:62:69":18,"s:63:31:63:Infinity":19,"s:64:31:64:103":20,"b:64:31:64:46:64:46:64:103":2,"s:66:12:129:Infinity":21,"b:69:56:69:83:69:83:69:86":3,"b:69:102:69:128:69:128:69:131":4,"b:69:164:69:188:69:188:69:Infinity":5,"b:69:134:69:149:69:149:69:164":6,"b:73:17:73:Infinity:74:18:78:17":7,"b:74:68:74:95:74:95:74:101":8,"f:78:50:78:65":9,"s:78:65:78:86":22,"b:81:63:81:86:81:86:81:Infinity":9,"f:82:22:82:32":10,"s:82:38:82:60":23,"b:83:51:83:62:83:62:83:69":10,"b:87:24:91:25:91:24:91:Infinity":11,"b:103:69:103:97:103:97:103:Infinity":12,"b:104:49:104:70:104:70:104:Infinity":13,"f:106:24:106:34":11,"s:106:42:106:63":24,"s:106:63:106:Infinity":25,"b:114:21:114:35:114:35:114:Infinity:115:22:124:Infinity":14,"f:118:41:118:46":12,"s:119:28:122:Infinity":26,"b:134:9:134:Infinity:135:10:140:Infinity":15}}}
,"/Users/nencybatada/Documents/Projects/Antigravity/PromptVirtualWar/ElectionProcessEducation/src/services/analytics.ts": {"path":"/Users/nencybatada/Documents/Projects/Antigravity/PromptVirtualWar/ElectionProcessEducation/src/services/analytics.ts","statementMap":{"0":{"start":{"line":17,"column":2},"end":{"line":21,"column":null}},"1":{"start":{"line":18,"column":4},"end":{"line":19,"column":null}},"2":{"start":{"line":19,"column":6},"end":{"line":19,"column":null}},"3":{"start":{"line":30,"column":2},"end":{"line":33,"column":null}},"4":{"start":{"line":37,"column":2},"end":{"line":40,"column":null}},"5":{"start":{"line":46,"column":2},"end":{"line":46,"column":null}},"6":{"start":{"line":50,"column":2},"end":{"line":54,"column":null}},"7":{"start":{"line":58,"column":2},"end":{"line":60,"column":null}},"8":{"start":{"line":66,"column":2},"end":{"line":68,"column":null}},"9":{"start":{"line":72,"column":2},"end":{"line":74,"column":null}},"10":{"start":{"line":80,"column":2},"end":{"line":83,"column":null}},"11":{"start":{"line":87,"column":2},"end":{"line":87,"column":null}},"12":{"start":{"line":93,"column":2},"end":{"line":95,"column":null}},"13":{"start":{"line":99,"column":2},"end":{"line":101,"column":null}},"14":{"start":{"line":105,"column":2},"end":{"line":107,"column":null}},"15":{"start":{"line":113,"column":2},"end":{"line":115,"column":null}},"16":{"start":{"line":119,"column":2},"end":{"line":121,"column":null}},"17":{"start":{"line":127,"column":2},"end":{"line":127,"column":null}},"18":{"start":{"line":133,"column":2},"end":{"line":136,"column":null}}},"fnMap":{"0":{"name":"safeLogEvent","decl":{"start":{"line":16,"column":9},"end":{"line":16,"column":22}},"loc":{"start":{"line":16,"column":93},"end":{"line":21,"column":null}},"line":16},"1":{"name":"trackPageView","decl":{"start":{"line":29,"column":16},"end":{"line":29,"column":30}},"loc":{"start":{"line":29,"column":51},"end":{"line":33,"column":null}},"line":29},"2":{"name":"trackNavigation","decl":{"start":{"line":36,"column":16},"end":{"line":36,"column":32}},"loc":{"start":{"line":36,"column":66},"end":{"line":40,"column":null}},"line":36},"3":{"name":"trackOnboardingStart","decl":{"start":{"line":45,"column":16},"end":{"line":45,"column":45}},"loc":{"start":{"line":45,"column":45},"end":{"line":46,"column":null}},"line":45},"4":{"name":"trackOnboardingComplete","decl":{"start":{"line":49,"column":16},"end":{"line":49,"column":40}},"loc":{"start":{"line":49,"column":110},"end":{"line":54,"column":null}},"line":49},"5":{"name":"trackOnboardingStep","decl":{"start":{"line":57,"column":16},"end":{"line":57,"column":36}},"loc":{"start":{"line":57,"column":56},"end":{"line":60,"column":null}},"line":57},"6":{"name":"trackStepComplete","decl":{"start":{"line":65,"column":16},"end":{"line":65,"column":34}},"loc":{"start":{"line":65,"column":56},"end":{"line":68,"column":null}},"line":65},"7":{"name":"trackStepUncomplete","decl":{"start":{"line":71,"column":16},"end":{"line":71,"column":36}},"loc":{"start":{"line":71,"column":58},"end":{"line":74,"column":null}},"line":71},"8":{"name":"trackEligibilityCheck","decl":{"start":{"line":79,"column":16},"end":{"line":79,"column":38}},"loc":{"start":{"line":79,"column":78},"end":{"line":83,"column":null}},"line":79},"9":{"name":"trackEligibilityComplete","decl":{"start":{"line":86,"column":16},"end":{"line":86,"column":49}},"loc":{"start":{"line":86,"column":49},"end":{"line":87,"column":null}},"line":86},"10":{"name":"trackChatMessage","decl":{"start":{"line":92,"column":16},"end":{"line":92,"column":33}},"loc":{"start":{"line":92,"column":54},"end":{"line":95,"column":null}},"line":92},"11":{"name":"trackChatQuickQuestion","decl":{"start":{"line":98,"column":16},"end":{"line":98,"column":39}},"loc":{"start":{"line":98,"column":66},"end":{"line":101,"column":null}},"line":98},"12":{"name":"trackChatFallback","decl":{"start":{"line":104,"column":16},"end":{"line":104,"column":34}},"loc":{"start":{"line":104,"column":56},"end":{"line":107,"column":null}},"line":104},"13":{"name":"trackMythFlip","decl":{"start":{"line":112,"column":16},"end":{"line":112,"column":30}},"loc":{"start":{"line":112,"column":52},"end":{"line":115,"column":null}},"line":112},"14":{"name":"trackMythCategoryFilter","decl":{"start":{"line":118,"column":16},"end":{"line":118,"column":40}},"loc":{"start":{"line":118,"column":64},"end":{"line":121,"column":null}},"line":118},"15":{"name":"trackProfileReset","decl":{"start":{"line":126,"column":16},"end":{"line":126,"column":42}},"loc":{"start":{"line":126,"column":42},"end":{"line":127,"column":null}},"line":126},"16":{"name":"trackError","decl":{"start":{"line":132,"column":16},"end":{"line":132,"column":27}},"loc":{"start":{"line":132,"column":74},"end":{"line":136,"column":null}},"line":132}},"branchMap":{"0":{"loc":{"start":{"line":18,"column":4},"end":{"line":19,"column":null}},"type":"if","locations":[{"start":{"line":18,"column":4},"end":{"line":19,"column":null}},{"start":{},"end":{}}],"line":18},"1":{"loc":{"start":{"line":53,"column":10},"end":{"line":53,"column":null}},"type":"binary-expr","locations":[{"start":{"line":53,"column":10},"end":{"line":53,"column":18}},{"start":{"line":53,"column":18},"end":{"line":53,"column":null}}],"line":53},"2":{"loc":{"start":{"line":94,"column":12},"end":{"line":94,"column":null}},"type":"cond-expr","locations":[{"start":{"line":94,"column":19},"end":{"line":94,"column":33}},{"start":{"line":94,"column":33},"end":{"line":94,"column":null}}],"line":94}},"s":{"0":0,"1":0,"2":0,"3":0,"4":0,"5":0,"6":0,"7":0,"8":0,"9":0,"10":0,"11":0,"12":0,"13":0,"14":0,"15":0,"16":0,"17":0,"18":0},"f":{"0":0,"1":0,"2":0,"3":0,"4":0,"5":0,"6":0,"7":0,"8":0,"9":0,"10":0,"11":0,"12":0,"13":0,"14":0,"15":0,"16":0},"b":{"0":[0,0],"1":[0,0],"2":[0,0]},"meta":{"lastBranch":3,"lastFunction":17,"lastStatement":19,"seen":{"f:16:9:16:22":0,"s:17:2:21:Infinity":0,"b:18:4:19:Infinity:undefined:undefined:undefined:undefined":0,"s:18:4:19:Infinity":1,"s:19:6:19:Infinity":2,"f:29:16:29:30":1,"s:30:2:33:Infinity":3,"f:36:16:36:32":2,"s:37:2:40:Infinity":4,"f:45:16:45:45":3,"s:46:2:46:Infinity":5,"f:49:16:49:40":4,"s:50:2:54:Infinity":6,"b:53:10:53:18:53:18:53:Infinity":1,"f:57:16:57:36":5,"s:58:2:60:Infinity":7,"f:65:16:65:34":6,"s:66:2:68:Infinity":8,"f:71:16:71:36":7,"s:72:2:74:Infinity":9,"f:79:16:79:38":8,"s:80:2:83:Infinity":10,"f:86:16:86:49":9,"s:87:2:87:Infinity":11,"f:92:16:92:33":10,"s:93:2:95:Infinity":12,"b:94:19:94:33:94:33:94:Infinity":2,"f:98:16:98:39":11,"s:99:2:101:Infinity":13,"f:104:16:104:34":12,"s:105:2:107:Infinity":14,"f:112:16:112:30":13,"s:113:2:115:Infinity":15,"f:118:16:118:40":14,"s:119:2:121:Infinity":16,"f:126:16:126:42":15,"s:127:2:127:Infinity":17,"f:132:16:132:27":16,"s:133:2:136:Infinity":18}}}
}
