{"total": {"lines":{"total":467,"covered":396,"skipped":0,"pct":84.79},"statements":{"total":485,"covered":409,"skipped":0,"pct":84.32},"functions":{"total":156,"covered":139,"skipped":0,"pct":89.1},"branches":{"total":297,"covered":197,"skipped":0,"pct":66.32},"branchesTrue":{"total":0,"covered":0,"skipped":0,"pct":100}}
,"/Users/nencybatada/Documents/Projects/Antigravity/PromptVirtualWar/pov2 WarsElectionProcessEducation/promptWarsElectionProcessEducation/src/App.tsx": {"lines":{"total":28,"covered":26,"skipped":0,"pct":92.85},"functions":{"total":4,"covered":4,"skipped":0,"pct":100},"statements":{"total":28,"covered":26,"skipped":0,"pct":92.85},"branches":{"total":15,"covered":11,"skipped":0,"pct":73.33}}
,"/Users/nencybatada/Documents/Projects/Antigravity/PromptVirtualWar/pov2 WarsElectionProcessEducation/promptWarsElectionProcessEducation/src/context.tsx": {"lines":{"total":79,"covered":76,"skipped":0,"pct":96.2},"functions":{"total":21,"covered":21,"skipped":0,"pct":100},"statements":{"total":81,"covered":78,"skipped":0,"pct":96.29},"branches":{"total":27,"covered":25,"skipped":0,"pct":92.59}}
,"/Users/nencybatada/Documents/Projects/Antigravity/PromptVirtualWar/pov2 WarsElectionProcessEducation/promptWarsElectionProcessEducation/src/data.ts": {"lines":{"total":7,"covered":7,"skipped":0,"pct":100},"functions":{"total":0,"covered":0,"skipped":0,"pct":100},"statements":{"total":7,"covered":7,"skipped":0,"pct":100},"branches":{"total":0,"covered":0,"skipped":0,"pct":100}}
,"/Users/nencybatada/Documents/Projects/Antigravity/PromptVirtualWar/pov2 WarsElectionProcessEducation/promptWarsElectionProcessEducation/src/firebase.ts": {"lines":{"total":24,"covered":23,"skipped":0,"pct":95.83},"functions":{"total":5,"covered":4,"skipped":0,"pct":80},"statements":{"total":25,"covered":24,"skipped":0,"pct":96},"branches":{"total":12,"covered":8,"skipped":0,"pct":66.66}}
,"/Users/nencybatada/Documents/Projects/Antigravity/PromptVirtualWar/pov2 WarsElectionProcessEducation/promptWarsElectionProcessEducation/src/types.ts": {"lines":{"total":0,"covered":0,"skipped":0,"pct":0},"functions":{"total":0,"covered":0,"skipped":0,"pct":0},"statements":{"total":0,"covered":0,"skipped":0,"pct":0},"branches":{"total":0,"covered":0,"skipped":0,"pct":0}}
,"/Users/nencybatada/Documents/Projects/Antigravity/PromptVirtualWar/pov2 WarsElectionProcessEducation/promptWarsElectionProcessEducation/src/components/Chat.tsx": {"lines":{"total":85,"covered":50,"skipped":0,"pct":58.82},"functions":{"total":18,"covered":13,"skipped":0,"pct":72.22},"statements":{"total":87,"covered":50,"skipped":0,"pct":57.47},"branches":{"total":78,"covered":21,"skipped":0,"pct":26.92}}
,"/Users/nencybatada/Documents/Projects/Antigravity/PromptVirtualWar/pov2 WarsElectionProcessEducation/promptWarsElectionProcessEducation/src/components/Dashboard.tsx": {"lines":{"total":38,"covered":33,"skipped":0,"pct":86.84},"functions":{"total":18,"covered":15,"skipped":0,"pct":83.33},"statements":{"total":40,"covered":35,"skipped":0,"pct":87.5},"branches":{"total":20,"covered":14,"skipped":0,"pct":70}}
,"/Users/nencybatada/Documents/Projects/Antigravity/PromptVirtualWar/pov2 WarsElectionProcessEducation/promptWarsElectionProcessEducation/src/components/Deadlines.tsx": {"lines":{"total":21,"covered":20,"skipped":0,"pct":95.23},"functions":{"total":7,"covered":7,"skipped":0,"pct":100},"statements":{"total":24,"covered":20,"skipped":0,"pct":83.33},"branches":{"total":15,"covered":10,"skipped":0,"pct":66.66}}
,"/Users/nencybatada/Documents/Projects/Antigravity/PromptVirtualWar/pov2 WarsElectionProcessEducation/promptWarsElectionProcessEducation/src/components/Eligibility.tsx": {"lines":{"total":17,"covered":17,"skipped":0,"pct":100},"functions":{"total":7,"covered":7,"skipped":0,"pct":100},"statements":{"total":19,"covered":19,"skipped":0,"pct":100},"branches":{"total":26,"covered":26,"skipped":0,"pct":100}}
,"/Users/nencybatada/Documents/Projects/Antigravity/PromptVirtualWar/pov2 WarsElectionProcessEducation/promptWarsElectionProcessEducation/src/components/ErrorBoundary.tsx": {"lines":{"total":16,"covered":12,"skipped":0,"pct":75},"functions":{"total":6,"covered":5,"skipped":0,"pct":83.33},"statements":{"total":16,"covered":12,"skipped":0,"pct":75},"branches":{"total":6,"covered":6,"skipped":0,"pct":100}}
,"/Users/nencybatada/Documents/Projects/Antigravity/PromptVirtualWar/pov2 WarsElectionProcessEducation/promptWarsElectionProcessEducation/src/components/Header.tsx": {"lines":{"total":11,"covered":9,"skipped":0,"pct":81.81},"functions":{"total":6,"covered":4,"skipped":0,"pct":66.66},"statements":{"total":12,"covered":10,"skipped":0,"pct":83.33},"branches":{"total":14,"covered":14,"skipped":0,"pct":100}}
,"/Users/nencybatada/Documents/Projects/Antigravity/PromptVirtualWar/pov2 WarsElectionProcessEducation/promptWarsElectionProcessEducation/src/components/Landing.tsx": {"lines":{"total":8,"covered":6,"skipped":0,"pct":75},"functions":{"total":4,"covered":3,"skipped":0,"pct":75},"statements":{"total":8,"covered":6,"skipped":0,"pct":75},"branches":{"total":2,"covered":1,"skipped":0,"pct":50}}
,"/Users/nencybatada/Documents/Projects/Antigravity/PromptVirtualWar/pov2 WarsElectionProcessEducation/promptWarsElectionProcessEducation/src/components/LiveAnnouncer.tsx": {"lines":{"total":19,"covered":16,"skipped":0,"pct":84.21},"functions":{"total":4,"covered":4,"skipped":0,"pct":100},"statements":{"total":19,"covered":16,"skipped":0,"pct":84.21},"branches":{"total":9,"covered":6,"skipped":0,"pct":66.66}}
,"/Users/nencybatada/Documents/Projects/Antigravity/PromptVirtualWar/pov2 WarsElectionProcessEducation/promptWarsElectionProcessEducation/src/components/MythsFacts.tsx": {"lines":{"total":21,"covered":21,"skipped":0,"pct":100},"functions":{"total":9,"covered":9,"skipped":0,"pct":100},"statements":{"total":23,"covered":23,"skipped":0,"pct":100},"branches":{"total":12,"covered":11,"skipped":0,"pct":91.66}}
,"/Users/nencybatada/Documents/Projects/Antigravity/PromptVirtualWar/pov2 WarsElectionProcessEducation/promptWarsElectionProcessEducation/src/components/Onboarding.tsx": {"lines":{"total":48,"covered":43,"skipped":0,"pct":89.58},"functions":{"total":17,"covered":16,"skipped":0,"pct":94.11},"statements":{"total":48,"covered":43,"skipped":0,"pct":89.58},"branches":{"total":22,"covered":17,"skipped":0,"pct":77.27}}
,"/Users/nencybatada/Documents/Projects/Antigravity/PromptVirtualWar/pov2 WarsElectionProcessEducation/promptWarsElectionProcessEducation/src/components/StepGuide.tsx": {"lines":{"total":26,"covered":18,"skipped":0,"pct":69.23},"functions":{"total":13,"covered":10,"skipped":0,"pct":76.92},"statements":{"total":29,"covered":21,"skipped":0,"pct":72.41},"branches":{"total":33,"covered":24,"skipped":0,"pct":72.72}}
,"/Users/nencybatada/Documents/Projects/Antigravity/PromptVirtualWar/pov2 WarsElectionProcessEducation/promptWarsElectionProcessEducation/src/services/analytics.ts": {"lines":{"total":19,"covered":19,"skipped":0,"pct":100},"functions":{"total":17,"covered":17,"skipped":0,"pct":100},"statements":{"total":19,"covered":19,"skipped":0,"pct":100},"branches":{"total":6,"covered":3,"skipped":0,"pct":50}}
}
