TN:
SF:src/App.tsx
FN:35,AppContent
FN:43,(anonymous_1)
FN:63,(anonymous_2)
FN:106,App
FNF:4
FNH:4
FNDA:30,AppContent
FNDA:25,(anonymous_1)
FNDA:30,(anonymous_2)
FNDA:17,App
DA:24,2
DA:36,30
DA:37,30
DA:38,30
DA:39,30
DA:40,30
DA:43,30
DA:44,25
DA:45,25
DA:48,25
DA:51,25
DA:52,8
DA:55,8
DA:56,8
DA:60,25
DA:63,30
DA:64,30
DA:66,14
DA:68,6
DA:70,6
DA:72,1
DA:74,1
DA:76,1
DA:78,1
DA:80,0
DA:82,0
DA:86,30
DA:107,17
LF:28
LH:26
BRDA:44,0,0,25
BRDA:44,0,1,0
BRDA:51,1,0,8
BRDA:51,1,1,17
BRDA:55,2,0,8
BRDA:55,2,1,0
BRDA:64,3,0,14
BRDA:64,3,1,6
BRDA:64,3,2,6
BRDA:64,3,3,1
BRDA:64,3,4,1
BRDA:64,3,5,1
BRDA:64,3,6,1
BRDA:64,3,7,0
BRDA:64,3,8,0
BRF:15
BRH:11
end_of_record
TN:
SF:src/context.tsx
FN:57,sanitizeString
FN:61,loadUserFromStorage
FN:77,saveUserToStorage
FN:86,appReducer
FN:118,(anonymous_4)
FN:173,AppProvider
FN:184,(anonymous_6)
FN:188,(anonymous_7)
FN:195,(anonymous_8)
FN:199,(anonymous_9)
FN:203,(anonymous_10)
FN:207,(anonymous_11)
FN:211,(anonymous_12)
FN:217,(anonymous_13)
FN:222,(anonymous_14)
FN:227,(anonymous_15)
FN:240,(anonymous_16)
FN:244,(anonymous_17)
FN:249,(anonymous_18)
FN:255,(anonymous_19)
FN:290,useApp
FNF:21
FNH:21
FNDA:9,sanitizeString
FNDA:189,loadUserFromStorage
FNDA:170,saveUserToStorage
FNDA:56,appReducer
FNDA:1,(anonymous_4)
FNDA:189,AppProvider
FNDA:170,(anonymous_6)
FNDA:8,(anonymous_7)
FNDA:9,(anonymous_8)
FNDA:3,(anonymous_9)
FNDA:5,(anonymous_10)
FNDA:2,(anonymous_11)
FNDA:4,(anonymous_12)
FNDA:1,(anonymous_13)
FNDA:8,(anonymous_14)
FNDA:2,(anonymous_15)
FNDA:33,(anonymous_16)
FNDA:2,(anonymous_17)
FNDA:76,(anonymous_18)
FNDA:188,(anonymous_19)
FNDA:303,useApp
DA:19,12
DA:22,12
DA:58,9
DA:62,189
DA:63,189
DA:64,189
DA:65,109
DA:67,109
DA:68,108
DA:72,1
DA:74,81
DA:78,170
DA:79,170
DA:81,0
DA:87,56
DA:89,8
DA:92,9
DA:95,3
DA:98,5
DA:101,2
DA:104,4
DA:105,3
DA:114,1
DA:118,1
DA:123,8
DA:135,2
DA:138,12
DA:141,2
DA:142,2
DA:145,0
DA:148,0
DA:170,12
DA:174,189
DA:175,189
DA:177,189
DA:184,189
DA:185,170
DA:188,189
DA:189,8
DA:190,8
DA:191,8
DA:192,8
DA:195,189
DA:196,9
DA:199,189
DA:200,3
DA:203,189
DA:204,5
DA:207,189
DA:208,2
DA:211,189
DA:212,4
DA:213,4
DA:214,4
DA:217,189
DA:218,1
DA:219,1
DA:222,189
DA:223,8
DA:224,8
DA:227,189
DA:228,2
DA:229,2
DA:230,2
DA:240,189
DA:241,33
DA:244,189
DA:245,2
DA:246,2
DA:249,189
DA:250,76
DA:251,76
DA:252,76
DA:255,189
DA:286,189
DA:291,303
DA:292,303
DA:293,2
DA:295,300
LF:79
LH:76
BRDA:64,0,0,109
BRDA:64,0,1,80
BRDA:67,1,0,108
BRDA:67,1,1,1
BRDA:67,2,0,109
BRDA:67,2,1,108
BRDA:87,3,0,8
BRDA:87,3,1,9
BRDA:87,3,2,3
BRDA:87,3,3,5
BRDA:87,3,4,2
BRDA:87,3,5,4
BRDA:87,3,6,1
BRDA:87,3,7,8
BRDA:87,3,8,2
BRDA:87,3,9,12
BRDA:87,3,10,2
BRDA:87,3,11,0
BRDA:87,3,12,0
BRDA:104,4,0,1
BRDA:104,4,1,3
BRDA:175,5,0,37
BRDA:175,5,1,152
BRDA:235,6,0,2
BRDA:235,6,1,2
BRDA:292,7,0,2
BRDA:292,7,1,301
BRF:27
BRH:25
end_of_record
TN:
SF:src/data.ts
FNF:0
FNH:0
DA:8,10
DA:29,10
DA:146,10
DA:191,10
DA:264,10
DA:297,10
DA:342,10
LF:7
LH:7
BRF:0
BRH:0
end_of_record
TN:
SF:src/firebase.ts
FN:31,(anonymous_0)
FN:49,submitFeedback
FN:74,logUsageEvent
FN:94,getRecentFeedback
FN:102,(anonymous_4)
FNF:5
FNH:4
FNDA:0,(anonymous_0)
FNDA:2,submitFeedback
FNDA:2,logUsageEvent
FNDA:2,getRecentFeedback
FNDA:1,(anonymous_4)
DA:13,1
DA:24,1
DA:25,1
DA:26,1
DA:30,1
DA:31,1
DA:32,0
DA:37,1
DA:38,1
DA:42,1
DA:43,1
DA:56,2
DA:57,2
DA:63,1
DA:65,1
DA:66,1
DA:78,2
DA:79,2
DA:95,2
DA:96,2
DA:101,2
DA:102,1
DA:104,1
DA:105,1
LF:24
LH:23
BRDA:16,0,0,1
BRDA:16,0,1,1
BRDA:30,1,0,1
BRDA:30,1,1,0
BRDA:37,2,0,1
BRDA:37,2,1,0
BRDA:38,3,0,1
BRDA:38,3,1,0
BRDA:81,4,0,2
BRDA:81,4,1,2
BRDA:83,5,0,2
BRDA:83,5,1,0
BRF:12
BRH:8
end_of_record
TN:
SF:src/types.ts
FNF:0
FNH:0
LF:0
LH:0
BRF:0
BRH:0
end_of_record
TN:
SF:src/components/Chat.tsx
FN:23,generateId
FN:27,Chat
FN:35,(anonymous_2)
FN:39,(anonymous_3)
FN:46,(anonymous_4)
FN:50,(anonymous_5)
FN:51,(anonymous_6)
FN:64,(anonymous_7)
FN:160,(anonymous_8)
FN:239,(anonymous_9)
FN:240,(anonymous_10)
FN:255,(anonymous_11)
FN:261,(anonymous_12)
FN:266,(anonymous_13)
FN:295,(anonymous_14)
FN:333,(anonymous_15)
FN:337,(anonymous_16)
FN:352,(anonymous_17)
FNF:18
FNH:13
FNDA:32,generateId
FNDA:67,Chat
FNDA:25,(anonymous_2)
FNDA:23,(anonymous_3)
FNDA:14,(anonymous_4)
FNDA:28,(anonymous_5)
FNDA:28,(anonymous_6)
FNDA:0,(anonymous_7)
FNDA:2,(anonymous_8)
FNDA:0,(anonymous_9)
FNDA:0,(anonymous_10)
FNDA:2,(anonymous_11)
FNDA:2,(anonymous_12)
FNDA:0,(anonymous_13)
FNDA:61,(anonymous_14)
FNDA:402,(anonymous_15)
FNDA:0,(anonymous_16)
FNDA:44,(anonymous_17)
DA:14,3
DA:24,32
DA:28,67
DA:29,67
DA:30,67
DA:31,67
DA:32,67
DA:33,67
DA:35,67
DA:36,25
DA:39,67
DA:40,23
DA:43,67
DA:46,67
DA:47,14
DA:48,14
DA:49,14
DA:50,14
DA:51,28
DA:52,28
DA:64,67
DA:65,0
DA:66,0
DA:69,0
DA:70,0
DA:71,0
DA:73,0
DA:80,0
DA:81,0
DA:87,0
DA:88,0
DA:98,0
DA:99,0
DA:109,0
DA:110,0
DA:120,0
DA:121,0
DA:132,0
DA:133,0
DA:134,0
DA:135,0
DA:148,0
DA:160,67
DA:161,2
DA:164,2
DA:170,2
DA:172,2
DA:173,2
DA:175,2
DA:176,2
DA:177,0
DA:180,2
DA:181,2
DA:195,2
DA:213,2
DA:214,2
DA:215,2
DA:216,2
DA:217,2
DA:220,0
DA:221,0
DA:224,2
DA:230,2
DA:233,0
DA:234,0
DA:236,0
DA:239,0
DA:240,0
DA:241,0
DA:247,0
DA:248,0
DA:255,2
DA:256,2
DA:257,2
DA:261,67
DA:262,2
DA:263,2
DA:266,67
DA:267,0
DA:268,0
DA:271,67
DA:296,61
DA:334,402
DA:337,0
DA:352,44
LF:85
LH:50
BRDA:47,0,0,14
BRDA:47,0,1,0
BRDA:47,1,0,14
BRDA:47,1,1,14
BRDA:69,2,0,0
BRDA:69,2,1,0
BRDA:69,3,0,0
BRDA:69,3,1,0
BRDA:70,4,0,0
BRDA:70,4,1,0
BRDA:71,5,0,0
BRDA:71,5,1,0
BRDA:80,6,0,0
BRDA:80,6,1,0
BRDA:80,7,0,0
BRDA:80,7,1,0
BRDA:80,7,2,0
BRDA:80,7,3,0
BRDA:81,8,0,0
BRDA:81,8,1,0
BRDA:87,9,0,0
BRDA:87,9,1,0
BRDA:87,10,0,0
BRDA:87,10,1,0
BRDA:87,10,2,0
BRDA:98,11,0,0
BRDA:98,11,1,0
BRDA:98,12,0,0
BRDA:98,12,1,0
BRDA:98,12,2,0
BRDA:109,13,0,0
BRDA:109,13,1,0
BRDA:109,14,0,0
BRDA:109,14,1,0
BRDA:109,14,2,0
BRDA:120,15,0,0
BRDA:120,15,1,0
BRDA:120,16,0,0
BRDA:120,16,1,0
BRDA:120,16,2,0
BRDA:132,17,0,0
BRDA:132,17,1,0
BRDA:132,18,0,0
BRDA:132,18,1,0
BRDA:132,18,2,0
BRDA:132,18,3,0
BRDA:134,19,0,0
BRDA:134,19,1,0
BRDA:135,20,0,0
BRDA:135,20,1,0
BRDA:161,21,0,0
BRDA:161,21,1,2
BRDA:176,22,0,0
BRDA:176,22,1,2
BRDA:184,23,0,2
BRDA:184,23,1,2
BRDA:215,24,0,2
BRDA:215,24,1,0
BRDA:217,25,0,2
BRDA:217,25,1,0
BRDA:221,26,0,0
BRDA:221,26,1,0
BRDA:234,27,0,0
BRDA:234,27,1,0
BRDA:247,28,0,0
BRDA:247,28,1,0
BRDA:283,29,0,2
BRDA:283,29,1,65
BRDA:288,30,0,67
BRDA:288,30,1,67
BRDA:298,31,0,4
BRDA:298,31,1,57
BRDA:300,32,0,61
BRDA:300,32,1,57
BRDA:317,33,0,67
BRDA:317,33,1,2
BRDA:362,34,0,67
BRDA:362,34,1,44
BRF:78
BRH:21
end_of_record
TN:
SF:src/components/Dashboard.tsx
FN:11,Dashboard
FN:16,(anonymous_1)
FN:17,(anonymous_2)
FN:20,(anonymous_3)
FN:21,(anonymous_4)
FN:26,(anonymous_5)
FN:27,(anonymous_6)
FN:30,(anonymous_7)
FN:33,(anonymous_8)
FN:34,(anonymous_9)
FN:38,(anonymous_10)
FN:45,(anonymous_11)
FN:93,(anonymous_12)
FN:125,(anonymous_13)
FN:139,(anonymous_14)
FN:143,(anonymous_15)
FN:164,(anonymous_16)
FN:171,(anonymous_17)
FNF:18
FNH:15
FNDA:16,Dashboard
FNDA:15,(anonymous_1)
FNDA:282,(anonymous_2)
FNDA:15,(anonymous_3)
FNDA:120,(anonymous_4)
FNDA:15,(anonymous_5)
FNDA:15,(anonymous_6)
FNDA:15,(anonymous_7)
FNDA:75,(anonymous_8)
FNDA:90,(anonymous_9)
FNDA:48,(anonymous_10)
FNDA:16,(anonymous_11)
FNDA:52,(anonymous_12)
FNDA:0,(anonymous_13)
FNDA:64,(anonymous_14)
FNDA:0,(anonymous_15)
FNDA:0,(anonymous_16)
FNDA:48,(anonymous_17)
DA:12,16
DA:13,16
DA:14,16
DA:16,16
DA:17,282
DA:20,16
DA:21,15
DA:22,120
DA:26,16
DA:27,15
DA:30,16
DA:31,15
DA:32,15
DA:33,75
DA:34,90
DA:38,16
DA:39,48
DA:40,48
DA:41,48
DA:42,48
DA:45,16
DA:46,16
DA:47,12
DA:48,4
DA:49,0
DA:50,0
DA:54,16
DA:56,16
DA:63,16
DA:94,52
DA:95,52
DA:96,52
DA:125,0
DA:140,64
DA:143,0
DA:164,0
DA:172,48
DA:173,48
LF:38
LH:33
BRDA:17,0,0,15
BRDA:17,0,1,0
BRDA:46,1,0,12
BRDA:46,1,1,4
BRDA:46,1,2,0
BRDA:46,1,3,0
BRDA:99,2,0,0
BRDA:99,2,1,52
BRDA:99,3,0,16
BRDA:99,3,1,36
BRDA:103,4,0,0
BRDA:103,4,1,52
BRDA:113,5,0,16
BRDA:113,5,1,16
BRDA:158,6,0,16
BRDA:158,6,1,16
BRDA:174,7,0,16
BRDA:174,7,1,32
BRDA:182,8,0,0
BRDA:182,8,1,48
BRF:20
BRH:14
end_of_record
TN:
SF:src/components/Deadlines.tsx
FN:9,Deadlines
FN:10,(anonymous_1)
FN:12,(anonymous_2)
FN:17,(anonymous_3)
FN:20,(anonymous_4)
FN:27,(anonymous_5)
FN:67,(anonymous_6)
FNF:7
FNH:7
FNDA:11,Deadlines
FNDA:11,(anonymous_1)
FNDA:55,(anonymous_2)
FNDA:66,(anonymous_3)
FNDA:55,(anonymous_4)
FNDA:55,(anonymous_5)
FNDA:55,(anonymous_6)
DA:10,11
DA:11,11
DA:12,11
DA:13,55
DA:14,55
DA:15,55
DA:16,55
DA:17,66
DA:20,11
DA:21,55
DA:22,55
DA:23,55
DA:24,55
DA:27,11
DA:28,55
DA:29,11
DA:30,33
DA:31,11
DA:32,0
DA:36,11
DA:68,55
LF:21
LH:20
BRDA:21,0,0,0
BRDA:21,0,1,55
BRDA:22,1,0,0
BRDA:22,1,1,55
BRDA:23,2,0,0
BRDA:23,2,1,55
BRDA:28,3,0,11
BRDA:28,3,1,33
BRDA:28,3,2,11
BRDA:28,3,3,0
BRDA:91,4,0,55
BRDA:91,4,1,22
BRDA:91,4,2,22
BRDA:104,5,0,0
BRDA:104,5,1,55
BRF:15
BRH:10
end_of_record
TN:
SF:src/components/Eligibility.tsx
FN:11,Eligibility
FN:15,(anonymous_1)
FN:16,(anonymous_2)
FN:22,(anonymous_3)
FN:26,(anonymous_4)
FN:76,(anonymous_5)
FN:83,(anonymous_6)
FNF:7
FNH:7
FNDA:20,Eligibility
FNDA:20,(anonymous_1)
FNDA:100,(anonymous_2)
FNDA:100,(anonymous_3)
FNDA:7,(anonymous_4)
FNDA:100,(anonymous_5)
FNDA:7,(anonymous_6)
DA:12,20
DA:13,20
DA:15,20
DA:16,100
DA:22,100
DA:23,20
DA:24,20
DA:26,20
DA:27,7
DA:28,7
DA:29,7
DA:30,7
DA:33,7
DA:34,1
DA:38,20
DA:77,100
DA:83,7
LF:17
LH:17
BRDA:18,0,0,100
BRDA:18,0,1,83
BRDA:27,1,0,7
BRDA:27,1,1,7
BRDA:33,2,0,1
BRDA:33,2,1,6
BRDA:33,3,0,7
BRDA:33,3,1,7
BRDA:69,4,0,1
BRDA:69,4,1,19
BRDA:70,5,0,1
BRDA:70,5,1,19
BRDA:70,6,0,13
BRDA:70,6,1,6
BRDA:79,7,0,17
BRDA:79,7,1,83
BRDA:82,8,0,17
BRDA:82,8,1,83
BRDA:89,9,0,100
BRDA:89,9,1,17
BRDA:99,10,0,17
BRDA:99,10,1,83
BRDA:100,11,0,17
BRDA:100,11,1,83
BRDA:107,12,0,20
BRDA:107,12,1,1
BRF:26
BRH:26
end_of_record
TN:
SF:src/components/ErrorBoundary.tsx
FN:23,(anonymous_0)
FN:28,(anonymous_1)
FN:32,(anonymous_2)
FN:37,(anonymous_3)
FN:41,(anonymous_4)
FN:50,(anonymous_5)
FNF:6
FNH:5
FNDA:35,(anonymous_0)
FNDA:3,(anonymous_1)
FNDA:9,(anonymous_2)
FNDA:1,(anonymous_3)
FNDA:0,(anonymous_4)
FNDA:54,(anonymous_5)
DA:24,35
DA:25,35
DA:29,18
DA:33,9
DA:34,9
DA:37,1
DA:38,1
DA:41,0
DA:42,0
DA:43,0
DA:47,0
DA:51,54
DA:52,18
DA:53,2
DA:56,16
DA:94,36
LF:16
LH:12
BRDA:51,0,0,18
BRDA:51,0,1,36
BRDA:52,1,0,2
BRDA:52,1,1,16
BRDA:65,2,0,16
BRDA:65,2,1,16
BRF:6
BRH:6
end_of_record
TN:
SF:src/components/Header.tsx
FN:9,Header
FN:31,(anonymous_1)
FN:40,(anonymous_2)
FN:44,(anonymous_3)
FN:93,(anonymous_4)
FN:97,(anonymous_5)
FNF:6
FNH:4
FNDA:39,Header
FNDA:0,(anonymous_1)
FNDA:108,(anonymous_2)
FNDA:4,(anonymous_3)
FNDA:90,(anonymous_4)
FNDA:0,(anonymous_5)
DA:10,39
DA:11,39
DA:13,39
DA:15,18
DA:24,18
DA:26,18
DA:31,0
DA:41,108
DA:44,4
DA:94,90
DA:97,0
LF:11
LH:9
BRDA:13,0,0,21
BRDA:13,0,1,18
BRDA:13,1,0,39
BRDA:13,1,1,24
BRDA:43,2,0,18
BRDA:43,2,1,90
BRDA:45,3,0,18
BRDA:45,3,1,90
BRDA:72,4,0,18
BRDA:72,4,1,18
BRDA:96,5,0,18
BRDA:96,5,1,72
BRDA:98,6,0,18
BRDA:98,6,1,72
BRF:14
BRH:14
end_of_record
TN:
SF:src/components/Landing.tsx
FN:8,Landing
FN:11,(anonymous_1)
FN:58,(anonymous_2)
FN:74,(anonymous_3)
FNF:4
FNH:3
FNDA:25,Landing
FNDA:2,(anonymous_1)
FNDA:0,(anonymous_2)
FNDA:100,(anonymous_3)
DA:9,25
DA:11,25
DA:12,2
DA:13,0
DA:15,2
DA:19,25
DA:58,0
DA:75,100
LF:8
LH:6
BRDA:12,0,0,0
BRDA:12,0,1,2
BRF:2
BRH:1
end_of_record
TN:
SF:src/components/LiveAnnouncer.tsx
FN:21,useAnnouncer
FN:33,LiveAnnouncerProvider
FN:38,(anonymous_2)
FN:52,(anonymous_3)
FNF:4
FNH:4
FNDA:30,useAnnouncer
FNDA:138,LiveAnnouncerProvider
FNDA:8,(anonymous_2)
FNDA:4,(anonymous_3)
DA:15,12
DA:22,30
DA:23,30
DA:24,0
DA:26,30
DA:34,138
DA:35,138
DA:36,138
DA:38,138
DA:40,8
DA:41,8
DA:43,0
DA:47,8
DA:48,3
DA:52,8
DA:53,4
DA:54,4
DA:56,0
DA:61,138
LF:19
LH:16
BRDA:23,0,0,0
BRDA:23,0,1,30
BRDA:38,1,0,8
BRDA:40,2,0,8
BRDA:40,2,1,0
BRDA:47,3,0,3
BRDA:47,3,1,5
BRDA:53,4,0,4
BRDA:53,4,1,0
BRF:9
BRH:6
end_of_record
TN:
SF:src/components/MythsFacts.tsx
FN:20,MythsFacts
FN:24,(anonymous_1)
FN:26,(anonymous_2)
FN:29,(anonymous_3)
FN:31,(anonymous_4)
FN:57,(anonymous_5)
FN:61,(anonymous_6)
FN:77,(anonymous_7)
FN:87,(anonymous_8)
FNF:9
FNH:9
FNDA:16,MythsFacts
FNDA:13,(anonymous_1)
FNDA:10,(anonymous_2)
FNDA:3,(anonymous_3)
FNDA:3,(anonymous_4)
FNDA:80,(anonymous_5)
FNDA:1,(anonymous_6)
FNDA:152,(anonymous_7)
FNDA:3,(anonymous_8)
DA:12,3
DA:21,16
DA:22,16
DA:24,16
DA:25,13
DA:26,10
DA:29,16
DA:30,3
DA:31,3
DA:32,3
DA:33,3
DA:34,1
DA:36,2
DA:38,3
DA:42,16
DA:58,80
DA:62,1
DA:63,1
DA:78,152
DA:79,152
DA:87,3
LF:21
LH:21
BRDA:25,0,0,12
BRDA:25,0,1,1
BRDA:33,1,0,1
BRDA:33,1,1,2
BRDA:60,2,0,16
BRDA:60,2,1,64
BRDA:86,3,0,2
BRDA:86,3,1,150
BRDA:88,4,0,2
BRDA:88,4,1,150
BRDA:115,5,0,16
BRDA:115,5,1,0
BRF:12
BRH:11
end_of_record
TN:
SF:src/components/Onboarding.tsx
FN:23,Onboarding
FN:27,(anonymous_1)
FN:38,(anonymous_2)
FN:49,(anonymous_3)
FN:57,(anonymous_4)
FN:65,(anonymous_5)
FN:70,(anonymous_6)
FN:75,(anonymous_7)
FN:82,(anonymous_8)
FN:130,(anonymous_9)
FN:167,(anonymous_10)
FN:175,(anonymous_11)
FN:179,(anonymous_12)
FN:203,(anonymous_13)
FN:207,(anonymous_14)
FN:237,(anonymous_15)
FN:241,(anonymous_16)
FNF:17
FNH:16
FNDA:50,Onboarding
FNDA:13,(anonymous_1)
FNDA:7,(anonymous_2)
FNDA:0,(anonymous_3)
FNDA:4,(anonymous_4)
FNDA:2,(anonymous_5)
FNDA:1,(anonymous_6)
FNDA:1,(anonymous_7)
FNDA:1800,(anonymous_8)
FNDA:20,(anonymous_9)
FNDA:9,(anonymous_10)
FNDA:227,(anonymous_11)
FNDA:2,(anonymous_12)
FNDA:8,(anonymous_13)
FNDA:1,(anonymous_14)
FNDA:6,(anonymous_15)
FNDA:1,(anonymous_16)
DA:14,3
DA:16,3
DA:24,50
DA:27,50
DA:28,13
DA:31,50
DA:32,50
DA:33,50
DA:35,50
DA:36,50
DA:38,50
DA:39,7
DA:40,7
DA:41,7
DA:42,7
DA:44,0
DA:45,0
DA:49,50
DA:50,0
DA:51,0
DA:53,0
DA:57,50
DA:58,4
DA:59,4
DA:60,4
DA:61,4
DA:65,50
DA:66,2
DA:67,2
DA:70,50
DA:71,1
DA:72,1
DA:75,50
DA:76,1
DA:77,1
DA:78,1
DA:79,1
DA:82,50
DA:83,1800
DA:87,50
DA:130,20
DA:167,9
DA:176,227
DA:179,2
DA:204,8
DA:207,1
DA:238,6
DA:241,1
LF:48
LH:43
BRDA:41,0,0,7
BRDA:41,0,1,0
BRDA:50,1,0,0
BRDA:50,1,1,0
BRDA:59,2,0,4
BRDA:59,2,1,0
BRDA:83,3,0,1800
BRDA:83,3,1,347
BRDA:117,4,0,50
BRDA:117,4,1,33
BRDA:153,5,0,50
BRDA:153,5,1,14
BRDA:178,6,0,0
BRDA:178,6,1,227
BRDA:193,7,0,50
BRDA:193,7,1,2
BRDA:206,8,0,2
BRDA:206,8,1,6
BRDA:218,9,0,2
BRDA:218,9,1,6
BRDA:227,10,0,50
BRDA:227,10,1,1
BRF:22
BRH:17
end_of_record
TN:
SF:src/components/StepGuide.tsx
FN:11,StepGuide
FN:16,(anonymous_1)
FN:17,(anonymous_2)
FN:22,(anonymous_3)
FN:23,(anonymous_4)
FN:26,(anonymous_5)
FN:27,(anonymous_6)
FN:30,(anonymous_7)
FN:64,(anonymous_8)
FN:81,(anonymous_9)
FN:85,(anonymous_10)
FN:109,(anonymous_11)
FN:121,(anonymous_12)
FNF:13
FNH:10
FNDA:11,StepGuide
FNDA:10,(anonymous_1)
FNDA:80,(anonymous_2)
FNDA:10,(anonymous_3)
FNDA:40,(anonymous_4)
FNDA:1,(anonymous_5)
FNDA:1,(anonymous_6)
FNDA:0,(anonymous_7)
FNDA:44,(anonymous_8)
FNDA:0,(anonymous_9)
FNDA:0,(anonymous_10)
FNDA:1,(anonymous_11)
FNDA:4,(anonymous_12)
DA:12,11
DA:13,11
DA:14,11
DA:16,11
DA:17,10
DA:18,80
DA:22,11
DA:23,40
DA:26,11
DA:27,1
DA:30,11
DA:31,0
DA:32,0
DA:33,0
DA:34,0
DA:36,0
DA:37,0
DA:41,11
DA:65,44
DA:66,44
DA:67,44
DA:69,44
DA:81,0
DA:85,0
DA:109,1
DA:122,4
LF:26
LH:18
BRDA:27,0,0,0
BRDA:27,0,1,1
BRDA:32,1,0,0
BRDA:32,1,1,0
BRDA:67,2,0,44
BRDA:67,2,1,33
BRDA:72,3,0,0
BRDA:72,3,1,44
BRDA:72,4,0,1
BRDA:72,4,1,43
BRDA:72,5,0,33
BRDA:72,5,1,11
BRDA:72,6,0,44
BRDA:72,6,1,33
BRDA:76,7,0,44
BRDA:76,7,1,33
BRDA:77,8,0,0
BRDA:77,8,1,33
BRDA:84,9,0,0
BRDA:84,9,1,44
BRDA:86,10,0,0
BRDA:86,10,1,44
BRDA:89,11,0,0
BRDA:89,11,1,44
BRDA:106,12,0,1
BRDA:106,12,1,43
BRDA:107,13,0,1
BRDA:107,13,1,43
BRDA:117,14,0,44
BRDA:117,14,1,1
BRDA:117,14,2,1
BRDA:137,15,0,11
BRDA:137,15,1,0
BRF:33
BRH:24
end_of_record
TN:
SF:src/services/analytics.ts
FN:16,safeLogEvent
FN:29,trackPageView
FN:36,trackNavigation
FN:45,trackOnboardingStart
FN:49,trackOnboardingComplete
FN:57,trackOnboardingStep
FN:65,trackStepComplete
FN:71,trackStepUncomplete
FN:79,trackEligibilityCheck
FN:86,trackEligibilityComplete
FN:92,trackChatMessage
FN:98,trackChatQuickQuestion
FN:104,trackChatFallback
FN:112,trackMythFlip
FN:118,trackMythCategoryFilter
FN:126,trackProfileReset
FN:132,trackError
FNF:17
FNH:17
FNDA:16,safeLogEvent
FNDA:1,trackPageView
FNDA:1,trackNavigation
FNDA:1,trackOnboardingStart
FNDA:1,trackOnboardingComplete
FNDA:1,trackOnboardingStep
FNDA:1,trackStepComplete
FNDA:1,trackStepUncomplete
FNDA:1,trackEligibilityCheck
FNDA:1,trackEligibilityComplete
FNDA:1,trackChatMessage
FNDA:1,trackChatQuickQuestion
FNDA:1,trackChatFallback
FNDA:1,trackMythFlip
FNDA:1,trackMythCategoryFilter
FNDA:1,trackProfileReset
FNDA:1,trackError
DA:17,16
DA:18,16
DA:19,16
DA:30,1
DA:37,1
DA:46,1
DA:50,1
DA:58,1
DA:66,1
DA:72,1
DA:80,1
DA:87,1
DA:93,1
DA:99,1
DA:105,1
DA:113,1
DA:119,1
DA:127,1
DA:133,1
LF:19
LH:19
BRDA:18,0,0,16
BRDA:18,0,1,0
BRDA:53,1,0,1
BRDA:53,1,1,0
BRDA:94,2,0,1
BRDA:94,2,1,0
BRF:6
BRH:3
end_of_record
