TN:
SF:src/App.tsx
FN:35,AppContent
FN:43,(anonymous_1)
FN:63,(anonymous_2)
FN:106,App
FNF:4
FNH:4
FNDA:30,AppContent
FNDA:25,(anonymous_1)
FNDA:30,(anonymous_2)
FNDA:17,App
DA:24,2
DA:36,30
DA:37,30
DA:38,30
DA:39,30
DA:40,30
DA:43,30
DA:44,25
DA:45,25
DA:48,25
DA:51,25
DA:52,8
DA:55,8
DA:56,8
DA:60,25
DA:63,30
DA:64,30
DA:66,14
DA:68,6
DA:70,6
DA:72,1
DA:74,1
DA:76,1
DA:78,1
DA:80,0
DA:82,0
DA:86,30
DA:107,17
LF:28
LH:26
BRDA:44,0,0,25
BRDA:44,0,1,0
BRDA:51,1,0,8
BRDA:51,1,1,17
BRDA:55,2,0,8
BRDA:55,2,1,0
BRDA:64,3,0,14
BRDA:64,3,1,6
BRDA:64,3,2,6
BRDA:64,3,3,1
BRDA:64,3,4,1
BRDA:64,3,5,1
BRDA:64,3,6,1
BRDA:64,3,7,0
BRDA:64,3,8,0
BRF:15
BRH:11
end_of_record
TN:
SF:src/context.tsx
FN:57,sanitizeString
FN:61,loadUserFromStorage
FN:77,saveUserToStorage
FN:86,appReducer
FN:118,(anonymous_4)
FN:173,AppProvider
FN:184,(anonymous_6)
FN:188,(anonymous_7)
FN:195,(anonymous_8)
FN:199,(anonymous_9)
FN:203,(anonymous_10)
FN:207,(anonymous_11)
FN:211,(anonymous_12)
FN:217,(anonymous_13)
FN:222,(anonymous_14)
FN:227,(anonymous_15)
FN:240,(anonymous_16)
FN:244,(anonymous_17)
FN:249,(anonymous_18)
FN:255,(anonymous_19)
FN:290,useApp
FNF:21
FNH:21
FNDA:9,sanitizeString
FNDA:187,loadUserFromStorage
FNDA:170,saveUserToStorage
FNDA:54,appReducer
FNDA:1,(anonymous_4)
FNDA:187,AppProvider
FNDA:170,(anonymous_6)
FNDA:8,(anonymous_7)
FNDA:9,(anonymous_8)
FNDA:3,(anonymous_9)
FNDA:5,(anonymous_10)
FNDA:2,(anonymous_11)
FNDA:4,(anonymous_12)
FNDA:1,(anonymous_13)
FNDA:8,(anonymous_14)
FNDA:2,(anonymous_15)
FNDA:33,(anonymous_16)
FNDA:2,(anonymous_17)
FNDA:76,(anonymous_18)
FNDA:186,(anonymous_19)
FNDA:301,useApp
DA:19,12
DA:22,12
DA:58,9
DA:62,187
DA:63,187
DA:64,187
DA:65,107
DA:67,107
DA:68,106
DA:72,1
DA:74,81
DA:78,170
DA:79,170
DA:81,0
DA:87,54
DA:89,8
DA:92,9
DA:95,3
DA:98,5
DA:101,2
DA:104,4
DA:105,3
DA:114,1
DA:118,1
DA:123,8
DA:135,2
DA:138,10
DA:141,2
DA:142,2
DA:145,0
DA:148,0
DA:170,12
DA:174,187
DA:175,187
DA:177,187
DA:184,187
DA:185,170
DA:188,187
DA:189,8
DA:190,8
DA:191,8
DA:192,8
DA:195,187
DA:196,9
DA:199,187
DA:200,3
DA:203,187
DA:204,5
DA:207,187
DA:208,2
DA:211,187
DA:212,4
DA:213,4
DA:214,4
DA:217,187
DA:218,1
DA:219,1
DA:222,187
DA:223,8
DA:224,8
DA:227,187
DA:228,2
DA:229,2
DA:230,2
DA:240,187
DA:241,33
DA:244,187
DA:245,2
DA:246,2
DA:249,187
DA:250,76
DA:251,76
DA:252,76
DA:255,187
DA:286,187
DA:291,301
DA:292,301
DA:293,2
DA:295,298
LF:79
LH:76
BRDA:64,0,0,107
BRDA:64,0,1,80
BRDA:67,1,0,106
BRDA:67,1,1,1
BRDA:67,2,0,107
BRDA:67,2,1,106
BRDA:87,3,0,8
BRDA:87,3,1,9
BRDA:87,3,2,3
BRDA:87,3,3,5
BRDA:87,3,4,2
BRDA:87,3,5,4
BRDA:87,3,6,1
BRDA:87,3,7,8
BRDA:87,3,8,2
BRDA:87,3,9,10
BRDA:87,3,10,2
BRDA:87,3,11,0
BRDA:87,3,12,0
BRDA:104,4,0,1
BRDA:104,4,1,3
BRDA:175,5,0,37
BRDA:175,5,1,150
BRDA:235,6,0,2
BRDA:235,6,1,2
BRDA:292,7,0,2
BRDA:292,7,1,299
BRF:27
BRH:25
end_of_record
TN:
SF:src/data.ts
FNF:0
FNH:0
DA:8,10
DA:29,10
DA:146,10
DA:191,10
DA:264,10
DA:297,10
DA:342,10
LF:7
LH:7
BRF:0
BRH:0
end_of_record
TN:
SF:src/firebase.ts
FN:41,submitFeedback
FN:66,logUsageEvent
FN:86,getRecentFeedback
FN:94,(anonymous_3)
FNF:4
FNH:0
FNDA:0,submitFeedback
FNDA:0,logUsageEvent
FNDA:0,getRecentFeedback
FNDA:0,(anonymous_3)
DA:13,0
DA:24,0
DA:25,0
DA:26,0
DA:29,0
DA:30,0
DA:34,0
DA:35,0
DA:48,0
DA:49,0
DA:55,0
DA:57,0
DA:58,0
DA:70,0
DA:71,0
DA:87,0
DA:88,0
DA:93,0
DA:94,0
DA:96,0
DA:97,0
LF:21
LH:0
BRDA:16,0,0,0
BRDA:16,0,1,0
BRDA:29,1,0,0
BRDA:29,1,1,0
BRDA:30,2,0,0
BRDA:30,2,1,0
BRDA:73,3,0,0
BRDA:73,3,1,0
BRDA:75,4,0,0
BRDA:75,4,1,0
BRF:10
BRH:0
end_of_record
TN:
SF:src/types.ts
FNF:0
FNH:0
LF:0
LH:0
BRF:0
BRH:0
end_of_record
TN:
SF:src/components/Chat.tsx
FN:22,generateId
FN:26,Chat
FN:34,(anonymous_2)
FN:38,(anonymous_3)
FN:45,(anonymous_4)
FN:49,(anonymous_5)
FN:50,(anonymous_6)
FN:63,(anonymous_7)
FN:159,(anonymous_8)
FN:236,(anonymous_9)
FN:237,(anonymous_10)
FN:252,(anonymous_11)
FN:258,(anonymous_12)
FN:263,(anonymous_13)
FN:292,(anonymous_14)
FN:330,(anonymous_15)
FN:334,(anonymous_16)
FN:349,(anonymous_17)
FNF:18
FNH:16
FNDA:32,generateId
FNDA:65,Chat
FNDA:23,(anonymous_2)
FNDA:21,(anonymous_3)
FNDA:14,(anonymous_4)
FNDA:28,(anonymous_5)
FNDA:28,(anonymous_6)
FNDA:2,(anonymous_7)
FNDA:2,(anonymous_8)
FNDA:16,(anonymous_9)
FNDA:2,(anonymous_10)
FNDA:2,(anonymous_11)
FNDA:2,(anonymous_12)
FNDA:0,(anonymous_13)
FNDA:55,(anonymous_14)
FNDA:390,(anonymous_15)
FNDA:0,(anonymous_16)
FNDA:44,(anonymous_17)
DA:13,3
DA:23,32
DA:27,65
DA:28,65
DA:29,65
DA:30,65
DA:31,65
DA:32,65
DA:34,65
DA:35,23
DA:38,65
DA:39,21
DA:42,65
DA:45,65
DA:46,14
DA:47,14
DA:48,14
DA:49,14
DA:50,28
DA:51,28
DA:63,65
DA:64,2
DA:65,2
DA:68,2
DA:69,0
DA:70,0
DA:72,0
DA:79,2
DA:80,0
DA:86,2
DA:87,0
DA:97,2
DA:98,0
DA:108,2
DA:109,0
DA:119,2
DA:120,0
DA:131,2
DA:132,0
DA:133,0
DA:134,0
DA:147,2
DA:159,65
DA:160,2
DA:163,2
DA:170,2
DA:171,2
DA:173,2
DA:174,2
DA:175,0
DA:178,2
DA:179,2
DA:193,2
DA:211,0
DA:212,0
DA:213,0
DA:214,0
DA:215,0
DA:218,0
DA:219,0
DA:222,0
DA:228,0
DA:231,2
DA:233,2
DA:236,2
DA:237,16
DA:238,2
DA:244,2
DA:245,0
DA:252,2
DA:253,2
DA:254,2
DA:258,65
DA:259,2
DA:260,2
DA:263,65
DA:264,0
DA:265,0
DA:268,65
DA:293,55
DA:331,390
DA:334,0
DA:349,44
LF:83
LH:58
BRDA:46,0,0,14
BRDA:46,0,1,0
BRDA:46,1,0,14
BRDA:46,1,1,14
BRDA:68,2,0,0
BRDA:68,2,1,2
BRDA:68,3,0,2
BRDA:68,3,1,2
BRDA:69,4,0,0
BRDA:69,4,1,0
BRDA:70,5,0,0
BRDA:70,5,1,0
BRDA:79,6,0,0
BRDA:79,6,1,2
BRDA:79,7,0,2
BRDA:79,7,1,2
BRDA:79,7,2,2
BRDA:79,7,3,2
BRDA:80,8,0,0
BRDA:80,8,1,0
BRDA:86,9,0,0
BRDA:86,9,1,2
BRDA:86,10,0,2
BRDA:86,10,1,2
BRDA:86,10,2,2
BRDA:97,11,0,0
BRDA:97,11,1,2
BRDA:97,12,0,2
BRDA:97,12,1,2
BRDA:97,12,2,2
BRDA:108,13,0,0
BRDA:108,13,1,2
BRDA:108,14,0,2
BRDA:108,14,1,2
BRDA:108,14,2,2
BRDA:119,15,0,0
BRDA:119,15,1,2
BRDA:119,16,0,2
BRDA:119,16,1,2
BRDA:119,16,2,2
BRDA:131,17,0,0
BRDA:131,17,1,2
BRDA:131,18,0,2
BRDA:131,18,1,2
BRDA:131,18,2,2
BRDA:131,18,3,2
BRDA:133,19,0,0
BRDA:133,19,1,0
BRDA:134,20,0,0
BRDA:134,20,1,0
BRDA:160,21,0,0
BRDA:160,21,1,2
BRDA:174,22,0,0
BRDA:174,22,1,2
BRDA:182,23,0,2
BRDA:182,23,1,0
BRDA:213,24,0,0
BRDA:213,24,1,0
BRDA:215,25,0,0
BRDA:215,25,1,0
BRDA:219,26,0,0
BRDA:219,26,1,0
BRDA:244,27,0,0
BRDA:244,27,1,2
BRDA:280,28,0,2
BRDA:280,28,1,63
BRDA:285,29,0,65
BRDA:285,29,1,65
BRDA:295,30,0,2
BRDA:295,30,1,53
BRDA:297,31,0,55
BRDA:297,31,1,53
BRDA:314,32,0,65
BRDA:314,32,1,2
BRDA:359,33,0,65
BRDA:359,33,1,44
BRF:76
BRH:48
end_of_record
TN:
SF:src/components/Dashboard.tsx
FN:11,Dashboard
FN:16,(anonymous_1)
FN:17,(anonymous_2)
FN:20,(anonymous_3)
FN:21,(anonymous_4)
FN:26,(anonymous_5)
FN:27,(anonymous_6)
FN:30,(anonymous_7)
FN:33,(anonymous_8)
FN:34,(anonymous_9)
FN:38,(anonymous_10)
FN:45,(anonymous_11)
FN:93,(anonymous_12)
FN:125,(anonymous_13)
FN:139,(anonymous_14)
FN:143,(anonymous_15)
FN:164,(anonymous_16)
FN:171,(anonymous_17)
FNF:18
FNH:15
FNDA:16,Dashboard
FNDA:15,(anonymous_1)
FNDA:282,(anonymous_2)
FNDA:15,(anonymous_3)
FNDA:120,(anonymous_4)
FNDA:15,(anonymous_5)
FNDA:15,(anonymous_6)
FNDA:15,(anonymous_7)
FNDA:75,(anonymous_8)
FNDA:90,(anonymous_9)
FNDA:48,(anonymous_10)
FNDA:16,(anonymous_11)
FNDA:52,(anonymous_12)
FNDA:0,(anonymous_13)
FNDA:64,(anonymous_14)
FNDA:0,(anonymous_15)
FNDA:0,(anonymous_16)
FNDA:48,(anonymous_17)
DA:12,16
DA:13,16
DA:14,16
DA:16,16
DA:17,282
DA:20,16
DA:21,15
DA:22,120
DA:26,16
DA:27,15
DA:30,16
DA:31,15
DA:32,15
DA:33,75
DA:34,90
DA:38,16
DA:39,48
DA:40,48
DA:41,48
DA:42,48
DA:45,16
DA:46,16
DA:47,12
DA:48,4
DA:49,0
DA:50,0
DA:54,16
DA:56,16
DA:63,16
DA:94,52
DA:95,52
DA:96,52
DA:125,0
DA:140,64
DA:143,0
DA:164,0
DA:172,48
DA:173,48
LF:38
LH:33
BRDA:17,0,0,15
BRDA:17,0,1,0
BRDA:46,1,0,12
BRDA:46,1,1,4
BRDA:46,1,2,0
BRDA:46,1,3,0
BRDA:99,2,0,0
BRDA:99,2,1,52
BRDA:99,3,0,16
BRDA:99,3,1,36
BRDA:103,4,0,0
BRDA:103,4,1,52
BRDA:113,5,0,16
BRDA:113,5,1,16
BRDA:158,6,0,16
BRDA:158,6,1,16
BRDA:174,7,0,16
BRDA:174,7,1,32
BRDA:182,8,0,0
BRDA:182,8,1,48
BRF:20
BRH:14
end_of_record
TN:
SF:src/components/Deadlines.tsx
FN:9,Deadlines
FN:10,(anonymous_1)
FN:12,(anonymous_2)
FN:17,(anonymous_3)
FN:20,(anonymous_4)
FN:27,(anonymous_5)
FN:67,(anonymous_6)
FNF:7
FNH:7
FNDA:11,Deadlines
FNDA:11,(anonymous_1)
FNDA:55,(anonymous_2)
FNDA:66,(anonymous_3)
FNDA:55,(anonymous_4)
FNDA:55,(anonymous_5)
FNDA:55,(anonymous_6)
DA:10,11
DA:11,11
DA:12,11
DA:13,55
DA:14,55
DA:15,55
DA:16,55
DA:17,66
DA:20,11
DA:21,55
DA:22,55
DA:23,55
DA:24,55
DA:27,11
DA:28,55
DA:29,11
DA:30,33
DA:31,11
DA:32,0
DA:36,11
DA:68,55
LF:21
LH:20
BRDA:21,0,0,0
BRDA:21,0,1,55
BRDA:22,1,0,0
BRDA:22,1,1,55
BRDA:23,2,0,0
BRDA:23,2,1,55
BRDA:28,3,0,11
BRDA:28,3,1,33
BRDA:28,3,2,11
BRDA:28,3,3,0
BRDA:91,4,0,55
BRDA:91,4,1,22
BRDA:91,4,2,22
BRDA:104,5,0,0
BRDA:104,5,1,55
BRF:15
BRH:10
end_of_record
TN:
SF:src/components/Eligibility.tsx
FN:10,Eligibility
FN:14,(anonymous_1)
FN:15,(anonymous_2)
FN:21,(anonymous_3)
FN:25,(anonymous_4)
FN:68,(anonymous_5)
FN:75,(anonymous_6)
FNF:7
FNH:7
FNDA:20,Eligibility
FNDA:20,(anonymous_1)
FNDA:100,(anonymous_2)
FNDA:100,(anonymous_3)
FNDA:7,(anonymous_4)
FNDA:100,(anonymous_5)
FNDA:7,(anonymous_6)
DA:11,20
DA:12,20
DA:14,20
DA:15,100
DA:21,100
DA:22,20
DA:23,20
DA:25,20
DA:26,7
DA:27,7
DA:30,20
DA:69,100
DA:75,7
LF:13
LH:13
BRDA:17,0,0,100
BRDA:17,0,1,83
BRDA:26,1,0,7
BRDA:26,1,1,7
BRDA:61,2,0,1
BRDA:61,2,1,19
BRDA:62,3,0,1
BRDA:62,3,1,19
BRDA:62,4,0,13
BRDA:62,4,1,6
BRDA:71,5,0,17
BRDA:71,5,1,83
BRDA:74,6,0,17
BRDA:74,6,1,83
BRDA:81,7,0,100
BRDA:81,7,1,17
BRDA:91,8,0,17
BRDA:91,8,1,83
BRDA:92,9,0,17
BRDA:92,9,1,83
BRDA:99,10,0,20
BRDA:99,10,1,1
BRF:22
BRH:22
end_of_record
TN:
SF:src/components/ErrorBoundary.tsx
FN:23,(anonymous_0)
FN:28,(anonymous_1)
FN:32,(anonymous_2)
FN:37,(anonymous_3)
FN:41,(anonymous_4)
FN:50,(anonymous_5)
FNF:6
FNH:5
FNDA:35,(anonymous_0)
FNDA:3,(anonymous_1)
FNDA:9,(anonymous_2)
FNDA:1,(anonymous_3)
FNDA:0,(anonymous_4)
FNDA:54,(anonymous_5)
DA:24,35
DA:25,35
DA:29,18
DA:33,9
DA:34,9
DA:37,1
DA:38,1
DA:41,0
DA:42,0
DA:43,0
DA:47,0
DA:51,54
DA:52,18
DA:53,2
DA:56,16
DA:94,36
LF:16
LH:12
BRDA:51,0,0,18
BRDA:51,0,1,36
BRDA:52,1,0,2
BRDA:52,1,1,16
BRDA:65,2,0,16
BRDA:65,2,1,16
BRF:6
BRH:6
end_of_record
TN:
SF:src/components/Header.tsx
FN:9,Header
FN:31,(anonymous_1)
FN:40,(anonymous_2)
FN:44,(anonymous_3)
FN:93,(anonymous_4)
FN:97,(anonymous_5)
FNF:6
FNH:4
FNDA:39,Header
FNDA:0,(anonymous_1)
FNDA:108,(anonymous_2)
FNDA:4,(anonymous_3)
FNDA:90,(anonymous_4)
FNDA:0,(anonymous_5)
DA:10,39
DA:11,39
DA:13,39
DA:15,18
DA:24,18
DA:26,18
DA:31,0
DA:41,108
DA:44,4
DA:94,90
DA:97,0
LF:11
LH:9
BRDA:13,0,0,21
BRDA:13,0,1,18
BRDA:13,1,0,39
BRDA:13,1,1,24
BRDA:43,2,0,18
BRDA:43,2,1,90
BRDA:45,3,0,18
BRDA:45,3,1,90
BRDA:72,4,0,18
BRDA:72,4,1,18
BRDA:96,5,0,18
BRDA:96,5,1,72
BRDA:98,6,0,18
BRDA:98,6,1,72
BRF:14
BRH:14
end_of_record
TN:
SF:src/components/Landing.tsx
FN:8,Landing
FN:11,(anonymous_1)
FN:58,(anonymous_2)
FN:74,(anonymous_3)
FNF:4
FNH:3
FNDA:25,Landing
FNDA:2,(anonymous_1)
FNDA:0,(anonymous_2)
FNDA:100,(anonymous_3)
DA:9,25
DA:11,25
DA:12,2
DA:13,0
DA:15,2
DA:19,25
DA:58,0
DA:75,100
LF:8
LH:6
BRDA:12,0,0,0
BRDA:12,0,1,2
BRF:2
BRH:1
end_of_record
TN:
SF:src/components/LiveAnnouncer.tsx
FN:21,useAnnouncer
FN:33,LiveAnnouncerProvider
FN:38,(anonymous_2)
FN:52,(anonymous_3)
FNF:4
FNH:4
FNDA:30,useAnnouncer
FNDA:138,LiveAnnouncerProvider
FNDA:8,(anonymous_2)
FNDA:3,(anonymous_3)
DA:15,12
DA:22,30
DA:23,30
DA:24,0
DA:26,30
DA:34,138
DA:35,138
DA:36,138
DA:38,138
DA:40,8
DA:41,8
DA:43,0
DA:47,8
DA:48,3
DA:52,8
DA:53,3
DA:54,3
DA:56,0
DA:61,138
LF:19
LH:16
BRDA:23,0,0,0
BRDA:23,0,1,30
BRDA:38,1,0,8
BRDA:40,2,0,8
BRDA:40,2,1,0
BRDA:47,3,0,3
BRDA:47,3,1,5
BRDA:53,4,0,3
BRDA:53,4,1,0
BRF:9
BRH:6
end_of_record
TN:
SF:src/components/MythsFacts.tsx
FN:19,MythsFacts
FN:23,(anonymous_1)
FN:25,(anonymous_2)
FN:28,(anonymous_3)
FN:29,(anonymous_4)
FN:55,(anonymous_5)
FN:59,(anonymous_6)
FN:72,(anonymous_7)
FN:82,(anonymous_8)
FNF:9
FNH:9
FNDA:16,MythsFacts
FNDA:13,(anonymous_1)
FNDA:10,(anonymous_2)
FNDA:3,(anonymous_3)
FNDA:3,(anonymous_4)
FNDA:80,(anonymous_5)
FNDA:1,(anonymous_6)
FNDA:152,(anonymous_7)
FNDA:3,(anonymous_8)
DA:11,3
DA:20,16
DA:21,16
DA:23,16
DA:24,13
DA:25,10
DA:28,16
DA:29,3
DA:30,3
DA:31,3
DA:32,1
DA:34,2
DA:36,3
DA:40,16
DA:56,80
DA:59,1
DA:73,152
DA:74,152
DA:82,3
LF:19
LH:19
BRDA:24,0,0,12
BRDA:24,0,1,1
BRDA:31,1,0,1
BRDA:31,1,1,2
BRDA:58,2,0,16
BRDA:58,2,1,64
BRDA:81,3,0,2
BRDA:81,3,1,150
BRDA:83,4,0,2
BRDA:83,4,1,150
BRDA:110,5,0,16
BRDA:110,5,1,0
BRF:12
BRH:11
end_of_record
TN:
SF:src/components/Onboarding.tsx
FN:22,Onboarding
FN:31,(anonymous_1)
FN:40,(anonymous_2)
FN:48,(anonymous_3)
FN:56,(anonymous_4)
FN:61,(anonymous_5)
FN:66,(anonymous_6)
FN:71,(anonymous_7)
FN:119,(anonymous_8)
FN:156,(anonymous_9)
FN:164,(anonymous_10)
FN:168,(anonymous_11)
FN:192,(anonymous_12)
FN:196,(anonymous_13)
FN:226,(anonymous_14)
FN:230,(anonymous_15)
FNF:16
FNH:15
FNDA:50,Onboarding
FNDA:7,(anonymous_1)
FNDA:0,(anonymous_2)
FNDA:4,(anonymous_3)
FNDA:2,(anonymous_4)
FNDA:1,(anonymous_5)
FNDA:1,(anonymous_6)
FNDA:1800,(anonymous_7)
FNDA:20,(anonymous_8)
FNDA:9,(anonymous_9)
FNDA:227,(anonymous_10)
FNDA:2,(anonymous_11)
FNDA:8,(anonymous_12)
FNDA:1,(anonymous_13)
FNDA:6,(anonymous_14)
FNDA:1,(anonymous_15)
DA:13,3
DA:15,3
DA:23,50
DA:24,50
DA:25,50
DA:26,50
DA:28,50
DA:29,50
DA:31,50
DA:32,7
DA:33,7
DA:34,7
DA:36,0
DA:40,50
DA:41,0
DA:42,0
DA:44,0
DA:48,50
DA:49,4
DA:50,4
DA:51,4
DA:52,4
DA:56,50
DA:57,2
DA:58,2
DA:61,50
DA:62,1
DA:63,1
DA:66,50
DA:67,1
DA:68,1
DA:71,50
DA:72,1800
DA:76,50
DA:119,20
DA:156,9
DA:165,227
DA:168,2
DA:193,8
DA:196,1
DA:227,6
DA:230,1
LF:42
LH:38
BRDA:33,0,0,7
BRDA:33,0,1,0
BRDA:41,1,0,0
BRDA:41,1,1,0
BRDA:50,2,0,4
BRDA:50,2,1,0
BRDA:72,3,0,1800
BRDA:72,3,1,347
BRDA:106,4,0,50
BRDA:106,4,1,33
BRDA:142,5,0,50
BRDA:142,5,1,14
BRDA:167,6,0,0
BRDA:167,6,1,227
BRDA:182,7,0,50
BRDA:182,7,1,2
BRDA:195,8,0,2
BRDA:195,8,1,6
BRDA:207,9,0,2
BRDA:207,9,1,6
BRDA:216,10,0,50
BRDA:216,10,1,1
BRF:22
BRH:17
end_of_record
TN:
SF:src/components/StepGuide.tsx
FN:10,StepGuide
FN:15,(anonymous_1)
FN:16,(anonymous_2)
FN:21,(anonymous_3)
FN:22,(anonymous_4)
FN:25,(anonymous_5)
FN:26,(anonymous_6)
FN:29,(anonymous_7)
FN:61,(anonymous_8)
FN:78,(anonymous_9)
FN:82,(anonymous_10)
FN:106,(anonymous_11)
FN:118,(anonymous_12)
FNF:13
FNH:10
FNDA:11,StepGuide
FNDA:10,(anonymous_1)
FNDA:80,(anonymous_2)
FNDA:10,(anonymous_3)
FNDA:40,(anonymous_4)
FNDA:1,(anonymous_5)
FNDA:1,(anonymous_6)
FNDA:0,(anonymous_7)
FNDA:44,(anonymous_8)
FNDA:0,(anonymous_9)
FNDA:0,(anonymous_10)
FNDA:1,(anonymous_11)
FNDA:4,(anonymous_12)
DA:11,11
DA:12,11
DA:13,11
DA:15,11
DA:16,10
DA:17,80
DA:21,11
DA:22,40
DA:25,11
DA:26,1
DA:29,11
DA:30,0
DA:31,0
DA:32,0
DA:34,0
DA:38,11
DA:62,44
DA:63,44
DA:64,44
DA:66,44
DA:78,0
DA:82,0
DA:106,1
DA:119,4
LF:24
LH:18
BRDA:26,0,0,0
BRDA:26,0,1,1
BRDA:31,1,0,0
BRDA:31,1,1,0
BRDA:64,2,0,44
BRDA:64,2,1,33
BRDA:69,3,0,0
BRDA:69,3,1,44
BRDA:69,4,0,1
BRDA:69,4,1,43
BRDA:69,5,0,33
BRDA:69,5,1,11
BRDA:69,6,0,44
BRDA:69,6,1,33
BRDA:73,7,0,44
BRDA:73,7,1,33
BRDA:74,8,0,0
BRDA:74,8,1,33
BRDA:81,9,0,0
BRDA:81,9,1,44
BRDA:83,10,0,0
BRDA:83,10,1,44
BRDA:86,11,0,0
BRDA:86,11,1,44
BRDA:103,12,0,1
BRDA:103,12,1,43
BRDA:104,13,0,1
BRDA:104,13,1,43
BRDA:114,14,0,44
BRDA:114,14,1,1
BRDA:114,14,2,1
BRDA:134,15,0,11
BRDA:134,15,1,0
BRF:33
BRH:24
end_of_record
TN:
SF:src/services/analytics.ts
FN:16,safeLogEvent
FN:29,trackPageView
FN:36,trackNavigation
FN:45,trackOnboardingStart
FN:49,trackOnboardingComplete
FN:57,trackOnboardingStep
FN:65,trackStepComplete
FN:71,trackStepUncomplete
FN:79,trackEligibilityCheck
FN:86,trackEligibilityComplete
FN:92,trackChatMessage
FN:98,trackChatQuickQuestion
FN:104,trackChatFallback
FN:112,trackMythFlip
FN:118,trackMythCategoryFilter
FN:126,trackProfileReset
FN:132,trackError
FNF:17
FNH:0
FNDA:0,safeLogEvent
FNDA:0,trackPageView
FNDA:0,trackNavigation
FNDA:0,trackOnboardingStart
FNDA:0,trackOnboardingComplete
FNDA:0,trackOnboardingStep
FNDA:0,trackStepComplete
FNDA:0,trackStepUncomplete
FNDA:0,trackEligibilityCheck
FNDA:0,trackEligibilityComplete
FNDA:0,trackChatMessage
FNDA:0,trackChatQuickQuestion
FNDA:0,trackChatFallback
FNDA:0,trackMythFlip
FNDA:0,trackMythCategoryFilter
FNDA:0,trackProfileReset
FNDA:0,trackError
DA:17,0
DA:18,0
DA:19,0
DA:30,0
DA:37,0
DA:46,0
DA:50,0
DA:58,0
DA:66,0
DA:72,0
DA:80,0
DA:87,0
DA:93,0
DA:99,0
DA:105,0
DA:113,0
DA:119,0
DA:127,0
DA:133,0
LF:19
LH:0
BRDA:18,0,0,0
BRDA:18,0,1,0
BRDA:53,1,0,0
BRDA:53,1,1,0
BRDA:94,2,0,0
BRDA:94,2,1,0
BRF:6
BRH:0
end_of_record
